[ 50%] [32mBuilding CXX object CMakeFiles/pub_test.dir/test/pub_test.cpp.o[0m
[01m[K/home/hibiki/Robomech_HR/Eglantyne/simulation/src/simple_sim/test/pub_test.cpp:[m[K In member function â€˜[01m[Kvoid PubTest::timer_callback()[m[Kâ€™:
[01m[K/home/hibiki/Robomech_HR/Eglantyne/simulation/src/simple_sim/test/pub_test.cpp:31:14:[m[K [01;31m[Kerror: [m[Kâ€˜[01m[Kclass std::vector<trajectory_msgs::msg::JointTrajectoryPoint_<std::allocator<void> >, std::allocator<trajectory_msgs::msg::JointTrajectoryPoint_<std::allocator<void> > > >[m[Kâ€™ has no member named â€˜[01m[Kpositions[m[Kâ€™
   31 |         pos1.[01;31m[Kpositions[m[K.resize(joint_names.size());
      |              [01;31m[K^~~~~~~~~[m[K
[01m[K/home/hibiki/Robomech_HR/Eglantyne/simulation/src/simple_sim/test/pub_test.cpp:32:14:[m[K [01;31m[Kerror: [m[Kâ€˜[01m[Kclass std::vector<trajectory_msgs::msg::JointTrajectoryPoint_<std::allocator<void> >, std::allocator<trajectory_msgs::msg::JointTrajectoryPoint_<std::allocator<void> > > >[m[Kâ€™ has no member named â€˜[01m[Kpositions[m[Kâ€™
   32 |         pos1.[01;31m[Kpositions[m[K = {0.0, 0.0, -0.8,
      |              [01;31m[K^~~~~~~~~[m[K
gmake[2]: *** [CMakeFiles/pub_test.dir/build.make:76: CMakeFiles/pub_test.dir/test/pub_test.cpp.o] Error 1
gmake[1]: *** [CMakeFiles/Makefile2:137: CMakeFiles/pub_test.dir/all] Error 2
gmake: *** [Makefile:146: all] Error 2
