[01m[K/home/hibiki/Robomech_HR/Eglantyne/simulation/src/simple_sim/src/test/zero_pub.cpp:[m[K In function â€˜[01m[Kint main(int, char**)[m[Kâ€™:
[01m[K/home/hibiki/Robomech_HR/Eglantyne/simulation/src/simple_sim/src/test/zero_pub.cpp:38:5:[m[K [01;31m[Kerror: [m[Kâ€˜[01m[Kpub_publish[m[Kâ€™ was not declared in this scope; did you mean â€˜[01m[Krmw_publish[m[Kâ€™?
   38 |     [01;31m[Kpub_publish[m[K(motion);
      |     [01;31m[K^~~~~~~~~~~[m[K
      |     [32m[Krmw_publish[m[K
gmake[2]: *** [CMakeFiles/zero_pub.dir/build.make:76: CMakeFiles/zero_pub.dir/src/test/zero_pub.cpp.o] Error 1
gmake[1]: *** [CMakeFiles/Makefile2:167: CMakeFiles/zero_pub.dir/all] Error 2
gmake: *** [Makefile:146: all] Error 2
