[0.009s] Invoking command in '/home/hibiki/Robomech_HR/Eglantyne/simulation/build/simple_sim': CMAKE_PREFIX_PATH=${CMAKE_PREFIX_PATH}:/home/hibiki/Robomech_HR/Eglantyne/simulation/install/ros2_control_demo_testing:/opt/ros/humble /usr/bin/cmake --build /home/hibiki/Robomech_HR/Eglantyne/simulation/build/simple_sim -- -j16 -l16
[0.033s] [  2%] Built target simple_sim__cpp
[0.034s] [ 11%] Built target simple_sim__rosidl_generator_c
[0.035s] [ 17%] Built target pub_test
[0.039s] [ 17%] Built target ament_cmake_python_copy_simple_sim
[0.042s] [ 20%] [32mBuilding CXX object CMakeFiles/pub_control.dir/src/controller/pub_control.cpp.o[0m
[0.045s] [ 28%] Built target simple_sim__rosidl_typesupport_introspection_cpp
[0.047s] [ 42%] Built target simple_sim__rosidl_typesupport_fastrtps_c
[0.047s] [ 45%] Built target simple_sim__rosidl_typesupport_cpp
[0.048s] [ 54%] Built target simple_sim__rosidl_typesupport_introspection_c
[0.049s] [ 62%] Built target simple_sim__rosidl_typesupport_fastrtps_cpp
[0.050s] [ 71%] Built target simple_sim__rosidl_typesupport_c
[0.059s] [ 71%] Built target simple_sim
[0.068s] [ 74%] Built target simple_sim__py
[0.080s] [ 80%] Built target simple_sim__rosidl_generator_py
[0.092s] [ 85%] Built target simple_sim__rosidl_typesupport_fastrtps_c__pyext
[0.092s] [ 97%] Built target simple_sim__rosidl_typesupport_c__pyext
[0.093s] [ 97%] Built target simple_sim__rosidl_typesupport_introspection_c__pyext
[0.155s] running egg_info
[0.162s] writing simple_sim.egg-info/PKG-INFO
[0.162s] writing dependency_links to simple_sim.egg-info/dependency_links.txt
[0.162s] writing top-level names to simple_sim.egg-info/top_level.txt
[0.180s] reading manifest file 'simple_sim.egg-info/SOURCES.txt'
[0.180s] writing manifest file 'simple_sim.egg-info/SOURCES.txt'
[0.196s] [ 97%] Built target ament_cmake_python_build_simple_sim_egg
[1.280s] [01m[K/home/hibiki/Robomech_HR/Eglantyne/simulation/src/simple_sim/src/controller/pub_control.cpp:[m[K In member function â€˜[01m[Kvoid PubControl::update_motions(const JointTrajectory&) const[m[Kâ€™:
[1.280s] [01m[K/home/hibiki/Robomech_HR/Eglantyne/simulation/src/simple_sim/src/controller/pub_control.cpp:47:28:[m[K [01;31m[Kerror: [m[Kpassing â€˜[01m[Kconst std::vector<trajectory_msgs::msg::JointTrajectoryPoint_<std::allocator<void> >, std::allocator<trajectory_msgs::msg::JointTrajectoryPoint_<std::allocator<void> > > >[m[Kâ€™ as â€˜[01m[Kthis[m[Kâ€™ argument discards qualifiers [[01;31m[K]8;;https://gcc.gnu.org/onlinedocs/gcc/Warning-Options.html#index-fpermissive-fpermissive]8;;[m[K]
[1.280s]    47 |             [01;31m[Korder.push_back(motion)[m[K;
[1.280s]       |             [01;31m[K~~~~~~~~~~~~~~~^~~~~~~~[m[K
[1.280s] In file included from [01m[K/usr/include/c++/11/vector:67[m[K,
[1.280s]                  from [01m[K/usr/include/c++/11/functional:62[m[K,
[1.281s]                  from [01m[K/home/hibiki/Robomech_HR/Eglantyne/simulation/src/simple_sim/src/controller/pub_control.cpp:2[m[K:
[1.281s] [01m[K/usr/include/c++/11/bits/stl_vector.h:1187:7:[m[K [01;36m[Knote: [m[K  in call to â€˜[01m[Kvoid std::vector<_Tp, _Alloc>::push_back(const value_type&) [with _Tp = trajectory_msgs::msg::JointTrajectoryPoint_<std::allocator<void> >; _Alloc = std::allocator<trajectory_msgs::msg::JointTrajectoryPoint_<std::allocator<void> > >; std::vector<_Tp, _Alloc>::value_type = trajectory_msgs::msg::JointTrajectoryPoint_<std::allocator<void> >][m[Kâ€™
[1.281s]  1187 |       [01;36m[Kpush_back[m[K(const value_type& __x)
[1.281s]       |       [01;36m[K^~~~~~~~~[m[K
[2.603s] gmake[2]: *** [CMakeFiles/pub_control.dir/build.make:76: CMakeFiles/pub_control.dir/src/controller/pub_control.cpp.o] Error 1
[2.603s] gmake[1]: *** [CMakeFiles/Makefile2:620: CMakeFiles/pub_control.dir/all] Error 2
[2.603s] gmake: *** [Makefile:146: all] Error 2
[2.606s] Invoked command in '/home/hibiki/Robomech_HR/Eglantyne/simulation/build/simple_sim' returned '2': CMAKE_PREFIX_PATH=${CMAKE_PREFIX_PATH}:/home/hibiki/Robomech_HR/Eglantyne/simulation/install/ros2_control_demo_testing:/opt/ros/humble /usr/bin/cmake --build /home/hibiki/Robomech_HR/Eglantyne/simulation/build/simple_sim -- -j16 -l16
