[0.013s] Invoking command in '/home/hibiki/Robomech_HR/Eglantyne/simulation/build/simple_sim': CMAKE_PREFIX_PATH=${CMAKE_PREFIX_PATH}:/home/hibiki/Robomech_HR/Eglantyne/simulation/install/ros2_control_demo_testing:/opt/ros/humble /usr/bin/cmake --build /home/hibiki/Robomech_HR/Eglantyne/simulation/build/simple_sim -- -j16 -l16
[0.029s] -- Found ament_cmake: 1.3.10 (/opt/ros/humble/share/ament_cmake/cmake)
[0.084s] -- Found control_msgs: 4.6.0 (/opt/ros/humble/share/control_msgs/cmake)
[0.098s] -- Found rosidl_generator_c: 3.1.5 (/opt/ros/humble/share/rosidl_generator_c/cmake)
[0.099s] -- Found rosidl_adapter: 3.1.5 (/opt/ros/humble/share/rosidl_adapter/cmake)
[0.103s] -- Found rosidl_generator_cpp: 3.1.5 (/opt/ros/humble/share/rosidl_generator_cpp/cmake)
[0.109s] -- Using all available rosidl_typesupport_c: rosidl_typesupport_fastrtps_c;rosidl_typesupport_introspection_c
[0.117s] -- Using all available rosidl_typesupport_cpp: rosidl_typesupport_fastrtps_cpp;rosidl_typesupport_introspection_cpp
[0.187s] -- Found rclcpp: 16.0.10 (/opt/ros/humble/share/rclcpp/cmake)
[0.203s] -- Found rmw_implementation_cmake: 6.1.2 (/opt/ros/humble/share/rmw_implementation_cmake/cmake)
[0.204s] -- Found rmw_fastrtps_cpp: 6.2.7 (/opt/ros/humble/share/rmw_fastrtps_cpp/cmake)
[0.275s] -- Using RMW implementation 'rmw_fastrtps_cpp' as default
[0.299s] -- Found rclcpp_action: 16.0.10 (/opt/ros/humble/share/rclcpp_action/cmake)
[0.304s] -- Found rosidl_default_generators: 1.2.0 (/opt/ros/humble/share/rosidl_default_generators/cmake)
[0.309s] -- Found ament_lint_auto: 0.12.11 (/opt/ros/humble/share/ament_lint_auto/cmake)
[0.368s] -- Added test 'cppcheck' to perform static code analysis on C / C++ code
[0.368s] -- Configured cppcheck include dirs: 
[0.368s] -- Configured cppcheck exclude dirs and/or files: 
[0.368s] -- Added test 'flake8' to check Python code syntax and style conventions
[0.368s] -- Added test 'lint_cmake' to check CMake code style
[0.368s] -- Added test 'pep257' to check Python code against some of the docstring style conventions in PEP 257
[0.369s] -- Added test 'uncrustify' to check C / C++ code style
[0.369s] -- Configured uncrustify additional arguments: 
[0.369s] -- Added test 'xmllint' to check XML markup files
[0.370s] -- Configuring done
[0.379s] -- Generating done
[0.381s] -- Build files have been written to: /home/hibiki/Robomech_HR/Eglantyne/simulation/build/simple_sim
[0.399s] [ 16%] [32mBuilding CXX object CMakeFiles/zero_pub.dir/src/test/zero_pub.cpp.o[0m
[0.403s] [ 33%] [32mBuilding CXX object CMakeFiles/pub_test.dir/src/test/pub_test.cpp.o[0m
[0.404s] [ 50%] [32mBuilding CXX object CMakeFiles/pub_control.dir/src/controller/pub_control.cpp.o[0m
[1.775s] [01m[K/home/hibiki/Robomech_HR/Eglantyne/simulation/src/simple_sim/src/test/zero_pub.cpp:9:5:[m[K [01;35m[Kwarning: [m[Ksecond argument of â€˜[01m[Kint main(int, char*)[m[Kâ€™ should be â€˜[01m[Kchar **[m[Kâ€™ [[01;35m[K]8;;https://gcc.gnu.org/onlinedocs/gcc/Warning-Options.html#index-Wmain-Wmain]8;;[m[K]
[1.775s]     9 | int [01;35m[Kmain[m[K(int argc, char* argv)
[1.775s]       |     [01;35m[K^~~~[m[K
[1.775s] [01m[K/home/hibiki/Robomech_HR/Eglantyne/simulation/src/simple_sim/src/test/zero_pub.cpp:[m[K In function â€˜[01m[Kint main(int, char*)[m[Kâ€™:
[1.775s] [01m[K/home/hibiki/Robomech_HR/Eglantyne/simulation/src/simple_sim/src/test/zero_pub.cpp:11:24:[m[K [01;31m[Kerror: [m[Kcannot convert â€˜[01m[Kchar*[m[Kâ€™ to â€˜[01m[Kconst char* const*[m[Kâ€™
[1.775s]    11 |     rclcpp::init(argc, [01;31m[Kargv[m[K);
[1.775s]       |                        [01;31m[K^~~~[m[K
[1.775s]       |                        [01;31m[K|[m[K
[1.775s]       |                        [01;31m[Kchar*[m[K
[1.775s] In file included from [01m[K/opt/ros/humble/include/rclcpp/rclcpp/logging.hpp:25[m[K,
[1.775s]                  from [01m[K/opt/ros/humble/include/rclcpp/rclcpp/client.hpp:40[m[K,
[1.775s]                  from [01m[K/opt/ros/humble/include/rclcpp/rclcpp/callback_group.hpp:24[m[K,
[1.775s]                  from [01m[K/opt/ros/humble/include/rclcpp/rclcpp/any_executable.hpp:20[m[K,
[1.775s]                  from [01m[K/opt/ros/humble/include/rclcpp/rclcpp/memory_strategy.hpp:25[m[K,
[1.775s]                  from [01m[K/opt/ros/humble/include/rclcpp/rclcpp/memory_strategies.hpp:18[m[K,
[1.776s]                  from [01m[K/opt/ros/humble/include/rclcpp/rclcpp/executor_options.hpp:20[m[K,
[1.776s]                  from [01m[K/opt/ros/humble/include/rclcpp/rclcpp/executor.hpp:37[m[K,
[1.776s]                  from [01m[K/opt/ros/humble/include/rclcpp/rclcpp/executors/multi_threaded_executor.hpp:25[m[K,
[1.776s]                  from [01m[K/opt/ros/humble/include/rclcpp/rclcpp/executors.hpp:21[m[K,
[1.776s]                  from [01m[K/opt/ros/humble/include/rclcpp/rclcpp/rclcpp.hpp:155[m[K,
[1.776s]                  from [01m[K/home/hibiki/Robomech_HR/Eglantyne/simulation/src/simple_sim/src/test/zero_pub.cpp:6[m[K:
[1.776s] [01m[K/opt/ros/humble/include/rclcpp/rclcpp/utilities.hpp:77:24:[m[K [01;36m[Knote: [m[K  initializing argument 2 of â€˜[01m[Kvoid rclcpp::init(int, const char* const*, const rclcpp::InitOptions&, rclcpp::SignalHandlerOptions)[m[Kâ€™
[1.776s]    77 |   [01;36m[Kchar const * const * argv[m[K,
[1.776s]       |   [01;36m[K~~~~~~~~~~~~~~~~~~~~~^~~~[m[K
[1.777s] [01m[K/home/hibiki/Robomech_HR/Eglantyne/simulation/src/simple_sim/src/test/zero_pub.cpp:13:39:[m[K [01;31m[Kerror: [m[Kâ€˜[01m[Ktrajectpry_msgs[m[Kâ€™ was not declared in this scope; did you mean â€˜[01m[Ktrajectory_msgs[m[Kâ€™?
[1.777s]    13 |     auto pub = node->create_publisher<[01;31m[Ktrajectpry_msgs[m[K::msg::JointTrajectory>(
[1.777s]       |                                       [01;31m[K^~~~~~~~~~~~~~~[m[K
[1.777s]       |                                       [32m[Ktrajectory_msgs[m[K
[1.777s] [01m[K/home/hibiki/Robomech_HR/Eglantyne/simulation/src/simple_sim/src/test/zero_pub.cpp:13:22:[m[K [01;31m[Kerror: [m[Kparse error in template argument list
[1.777s]    13 |     auto pub = node->[01;31m[Kcreate_publisher<trajectpry_msgs::msg::JointTrajectory>[m[K(
[1.777s]       |                      [01;31m[K^~~~~~~~~~~~~~~~~~~~~~~~~~~~~~~~~~~~~~~~~~~~~~~~~~~~~~~[m[K
[1.778s] [01m[K/home/hibiki/Robomech_HR/Eglantyne/simulation/src/simple_sim/src/test/zero_pub.cpp:13:77:[m[K [01;31m[Kerror: [m[Kno matching function for call to â€˜[01m[Krclcpp::Node::create_publisher<<expression error> >(const char [21], int)[m[Kâ€™
[1.778s]    13 |     auto pub = [01;31m[Knode->create_publisher<trajectpry_msgs::msg::JointTrajectory>([m[K
[1.778s]       |                [01;31m[K~~~~~~~~~~~~~~~~~~~~~~~~~~~~~~~~~~~~~~~~~~~~~~~~~~~~~~~~~~~~~^[m[K
[1.778s]    14 | [01;31m[K        "/motion_list_command", 10)[m[K;
[1.778s]       |         [01;31m[K~~~~~~~~~~~~~~~~~~~~~~~~~~~[m[K                                          
[1.778s] In file included from [01m[K/opt/ros/humble/include/rclcpp/rclcpp/executors/single_threaded_executor.hpp:28[m[K,
[1.778s]                  from [01m[K/opt/ros/humble/include/rclcpp/rclcpp/executors.hpp:22[m[K,
[1.778s]                  from [01m[K/opt/ros/humble/include/rclcpp/rclcpp/rclcpp.hpp:155[m[K,
[1.778s]                  from [01m[K/home/hibiki/Robomech_HR/Eglantyne/simulation/src/simple_sim/src/test/zero_pub.cpp:6[m[K:
[1.778s] [01m[K/opt/ros/humble/include/rclcpp/rclcpp/node.hpp:195:3:[m[K [01;36m[Knote: [m[Kcandidate: â€˜[01m[Ktemplate<class MessageT, class AllocatorT, class PublisherT> std::shared_ptr<PublisherT> rclcpp::Node::create_publisher(const string&, const rclcpp::QoS&, const rclcpp::PublisherOptionsWithAllocator<AllocatorT>&)[m[Kâ€™
[1.778s]   195 |   [01;36m[Kcreate_publisher[m[K(
[1.778s]       |   [01;36m[K^~~~~~~~~~~~~~~~[m[K
[1.778s] [01m[K/opt/ros/humble/include/rclcpp/rclcpp/node.hpp:195:3:[m[K [01;36m[Knote: [m[K  template argument deduction/substitution failed:
[1.778s] [01m[K/home/hibiki/Robomech_HR/Eglantyne/simulation/src/simple_sim/src/test/zero_pub.cpp:13:77:[m[K [01;31m[Kerror: [m[Ktemplate argument 1 is invalid
[1.779s]    13 |     auto pub = [01;31m[Knode->create_publisher<trajectpry_msgs::msg::JointTrajectory>([m[K
[1.779s]       |                [01;31m[K~~~~~~~~~~~~~~~~~~~~~~~~~~~~~~~~~~~~~~~~~~~~~~~~~~~~~~~~~~~~~^[m[K
[1.779s]    14 | [01;31m[K        "/motion_list_command", 10)[m[K;
[1.779s]       |         [01;31m[K~~~~~~~~~~~~~~~~~~~~~~~~~~~[m[K                                          
[1.779s] [01m[K/home/hibiki/Robomech_HR/Eglantyne/simulation/src/simple_sim/src/test/zero_pub.cpp:28:37:[m[K [01;35m[Kwarning: [m[Kfor increment expression has no effect [[01;35m[K]8;;https://gcc.gnu.org/onlinedocs/gcc/Warning-Options.html#index-Wunused-value-Wunused-value]8;;[m[K]
[1.779s]    28 |     for (int count=0; count++; [01;35m[Kcount<max_count[m[K){
[1.779s]       |                                [01;35m[K~~~~~^~~~~~~~~~[m[K
[1.779s] [01m[K/home/hibiki/Robomech_HR/Eglantyne/simulation/src/simple_sim/src/test/zero_pub.cpp:31:28:[m[K [01;35m[Kwarning: [m[Kfor increment expression has no effect [[01;35m[K]8;;https://gcc.gnu.org/onlinedocs/gcc/Warning-Options.html#index-Wunused-value-Wunused-value]8;;[m[K]
[1.779s]    31 |         for(int j=0; j++; [01;35m[Kj<18[m[K){
[1.779s]       |                           [01;35m[K~^~~[m[K
[1.779s] [01m[K/home/hibiki/Robomech_HR/Eglantyne/simulation/src/simple_sim/src/test/zero_pub.cpp:32:52:[m[K [01;31m[Kerror: [m[Kâ€˜[01m[Ki[m[Kâ€™ was not declared in this scope
[1.779s]    32 |             positions[j] = initial[j] * (max_count-[01;31m[Ki[m[K) + goal[j] * i;
[1.779s]       |                                                    [01;31m[K^[m[K
[1.780s] [01m[K/home/hibiki/Robomech_HR/Eglantyne/simulation/src/simple_sim/src/test/zero_pub.cpp:35:32:[m[K [01;31m[Kerror: [m[Kno matching function for call to â€˜[01m[Kstd::vector<trajectory_msgs::msg::JointTrajectoryPoint_<std::allocator<void> >, std::allocator<trajectory_msgs::msg::JointTrajectoryPoint_<std::allocator<void> > > >::push_back(std::vector<double, std::allocator<double> >&)[m[Kâ€™
[1.780s]    35 |         [01;31m[Kmotion.points.push_back(positions)[m[K;
[1.780s]       |         [01;31m[K~~~~~~~~~~~~~~~~~~~~~~~^~~~~~~~~~~[m[K
[1.780s] In file included from [01m[K/usr/include/c++/11/vector:67[m[K,
[1.780s]                  from [01m[K/usr/include/c++/11/functional:62[m[K,
[1.780s]                  from [01m[K/home/hibiki/Robomech_HR/Eglantyne/simulation/src/simple_sim/src/test/zero_pub.cpp:2[m[K:
[1.780s] [01m[K/usr/include/c++/11/bits/stl_vector.h:1187:7:[m[K [01;36m[Knote: [m[Kcandidate: â€˜[01m[Kvoid std::vector<_Tp, _Alloc>::push_back(const value_type&) [with _Tp = trajectory_msgs::msg::JointTrajectoryPoint_<std::allocator<void> >; _Alloc = std::allocator<trajectory_msgs::msg::JointTrajectoryPoint_<std::allocator<void> > >; std::vector<_Tp, _Alloc>::value_type = trajectory_msgs::msg::JointTrajectoryPoint_<std::allocator<void> >][m[Kâ€™
[1.780s]  1187 |       [01;36m[Kpush_back[m[K(const value_type& __x)
[1.780s]       |       [01;36m[K^~~~~~~~~[m[K
[1.780s] [01m[K/usr/include/c++/11/bits/stl_vector.h:1187:35:[m[K [01;36m[Knote: [m[K  no known conversion for argument 1 from â€˜[01m[Kstd::vector<double, std::allocator<double> >[m[Kâ€™ to â€˜[01m[Kconst value_type&[m[Kâ€™ {aka â€˜[01m[Kconst trajectory_msgs::msg::JointTrajectoryPoint_<std::allocator<void> >&[m[Kâ€™}
[1.780s]  1187 |       push_back([01;36m[Kconst value_type& __x[m[K)
[1.780s]       |                 [01;36m[K~~~~~~~~~~~~~~~~~~^~~[m[K
[1.780s] [01m[K/usr/include/c++/11/bits/stl_vector.h:1203:7:[m[K [01;36m[Knote: [m[Kcandidate: â€˜[01m[Kvoid std::vector<_Tp, _Alloc>::push_back(std::vector<_Tp, _Alloc>::value_type&&) [with _Tp = trajectory_msgs::msg::JointTrajectoryPoint_<std::allocator<void> >; _Alloc = std::allocator<trajectory_msgs::msg::JointTrajectoryPoint_<std::allocator<void> > >; std::vector<_Tp, _Alloc>::value_type = trajectory_msgs::msg::JointTrajectoryPoint_<std::allocator<void> >][m[Kâ€™
[1.780s]  1203 |       [01;36m[Kpush_back[m[K(value_type&& __x)
[1.780s]       |       [01;36m[K^~~~~~~~~[m[K
[1.780s] [01m[K/usr/include/c++/11/bits/stl_vector.h:1203:30:[m[K [01;36m[Knote: [m[K  no known conversion for argument 1 from â€˜[01m[Kstd::vector<double, std::allocator<double> >[m[Kâ€™ to â€˜[01m[Kstd::vector<trajectory_msgs::msg::JointTrajectoryPoint_<std::allocator<void> >, std::allocator<trajectory_msgs::msg::JointTrajectoryPoint_<std::allocator<void> > > >::value_type&&[m[Kâ€™ {aka â€˜[01m[Ktrajectory_msgs::msg::JointTrajectoryPoint_<std::allocator<void> >&&[m[Kâ€™}
[1.780s]  1203 |       push_back([01;36m[Kvalue_type&& __x[m[K)
[1.781s]       |                 [01;36m[K~~~~~~~~~~~~~^~~[m[K
[1.782s] [01m[K/home/hibiki/Robomech_HR/Eglantyne/simulation/src/simple_sim/src/test/zero_pub.cpp:38:5:[m[K [01;31m[Kerror: [m[Kâ€˜[01m[Kpub_publish[m[Kâ€™ was not declared in this scope; did you mean â€˜[01m[Krmw_publish[m[Kâ€™?
[1.782s]    38 |     [01;31m[Kpub_publish[m[K(motion);
[1.782s]       |     [01;31m[K^~~~~~~~~~~[m[K
[1.782s]       |     [32m[Krmw_publish[m[K
[2.057s] gmake[2]: *** [CMakeFiles/zero_pub.dir/build.make:76: CMakeFiles/zero_pub.dir/src/test/zero_pub.cpp.o] Error 1
[2.057s] gmake[1]: *** [CMakeFiles/Makefile2:167: CMakeFiles/zero_pub.dir/all] Error 2
[2.058s] gmake[1]: *** Waiting for unfinished jobs....
[3.100s] [ 66%] [32m[1mLinking CXX executable pub_test[0m
[3.221s] [ 66%] Built target pub_test
[5.382s] [ 83%] [32m[1mLinking CXX executable pub_control[0m
[5.611s] [ 83%] Built target pub_control
[5.612s] gmake: *** [Makefile:146: all] Error 2
[5.614s] Invoked command in '/home/hibiki/Robomech_HR/Eglantyne/simulation/build/simple_sim' returned '2': CMAKE_PREFIX_PATH=${CMAKE_PREFIX_PATH}:/home/hibiki/Robomech_HR/Eglantyne/simulation/install/ros2_control_demo_testing:/opt/ros/humble /usr/bin/cmake --build /home/hibiki/Robomech_HR/Eglantyne/simulation/build/simple_sim -- -j16 -l16
