[0.018s] Invoking command in '/home/hibiki/Robomech_HR/Eglantyne/simulation/build/simple_sim': CMAKE_PREFIX_PATH=${CMAKE_PREFIX_PATH}:/home/hibiki/Robomech_HR/Eglantyne/simulation/install/ros2_control_demo_testing:/opt/ros/humble /usr/bin/cmake --build /home/hibiki/Robomech_HR/Eglantyne/simulation/build/simple_sim -- -j16 -l16
[0.041s] -- Found ament_cmake: 1.3.10 (/opt/ros/humble/share/ament_cmake/cmake)
[0.119s] -- Found control_msgs: 4.6.0 (/opt/ros/humble/share/control_msgs/cmake)
[0.147s] -- Found rosidl_generator_c: 3.1.5 (/opt/ros/humble/share/rosidl_generator_c/cmake)
[0.149s] -- Found rosidl_adapter: 3.1.5 (/opt/ros/humble/share/rosidl_adapter/cmake)
[0.154s] -- Found rosidl_generator_cpp: 3.1.5 (/opt/ros/humble/share/rosidl_generator_cpp/cmake)
[0.162s] -- Using all available rosidl_typesupport_c: rosidl_typesupport_fastrtps_c;rosidl_typesupport_introspection_c
[0.172s] -- Using all available rosidl_typesupport_cpp: rosidl_typesupport_fastrtps_cpp;rosidl_typesupport_introspection_cpp
[0.269s] -- Found rclcpp: 16.0.10 (/opt/ros/humble/share/rclcpp/cmake)
[0.290s] -- Found rmw_implementation_cmake: 6.1.2 (/opt/ros/humble/share/rmw_implementation_cmake/cmake)
[0.291s] -- Found rmw_fastrtps_cpp: 6.2.7 (/opt/ros/humble/share/rmw_fastrtps_cpp/cmake)
[0.393s] -- Using RMW implementation 'rmw_fastrtps_cpp' as default
[0.424s] -- Found rclcpp_action: 16.0.10 (/opt/ros/humble/share/rclcpp_action/cmake)
[0.433s] -- Found ament_lint_auto: 0.12.11 (/opt/ros/humble/share/ament_lint_auto/cmake)
[0.505s] -- Added test 'cppcheck' to perform static code analysis on C / C++ code
[0.505s] -- Configured cppcheck include dirs: 
[0.505s] -- Configured cppcheck exclude dirs and/or files: 
[0.506s] -- Added test 'flake8' to check Python code syntax and style conventions
[0.506s] -- Added test 'lint_cmake' to check CMake code style
[0.507s] -- Added test 'pep257' to check Python code against some of the docstring style conventions in PEP 257
[0.508s] -- Added test 'uncrustify' to check C / C++ code style
[0.508s] -- Configured uncrustify additional arguments: 
[0.508s] -- Added test 'xmllint' to check XML markup files
[0.509s] -- Configuring done
[0.518s] -- Generating done
[0.520s] -- Build files have been written to: /home/hibiki/Robomech_HR/Eglantyne/simulation/build/simple_sim
[0.557s] [ 50%] [32mBuilding CXX object CMakeFiles/pub_test.dir/test/pub_test.cpp.o[0m
[2.260s] [01m[K/home/hibiki/Robomech_HR/Eglantyne/simulation/src/simple_sim/test/pub_test.cpp:[m[K In constructor â€˜[01m[KPubTest::PubTest()[m[Kâ€™:
[2.260s] [01m[K/home/hibiki/Robomech_HR/Eglantyne/simulation/src/simple_sim/test/pub_test.cpp:17:13:[m[K [01;31m[Kerror: [m[Kunable to find numeric literal operator â€˜[01m[Koperator""ms[m[Kâ€™
[2.260s]    17 |             [01;31m[K1000ms[m[K, std::bind(&PubTest::timer_callback, this)
[2.260s]       |             [01;31m[K^~~~~~[m[K
[2.263s] [01m[K/home/hibiki/Robomech_HR/Eglantyne/simulation/src/simple_sim/test/pub_test.cpp:[m[K In member function â€˜[01m[Kvoid PubTest::timer_callback()[m[Kâ€™:
[2.263s] [01m[K/home/hibiki/Robomech_HR/Eglantyne/simulation/src/simple_sim/test/pub_test.cpp:24:19:[m[K [01;31m[Kerror: [m[Kbase operand of â€˜[01m[K->[m[Kâ€™ has non-pointer type â€˜[01m[Ktrajectory_msgs::msg::JointTrajectory_<std::allocator<void> >[m[Kâ€™
[2.263s]    24 |         positions [01;31m[K->[m[Kjoint_names = ["arm_pitch_right", "arm_roll_right", "hand_right",
[2.263s]       |                   [01;31m[K^~[m[K
[2.264s] [01m[K/home/hibiki/Robomech_HR/Eglantyne/simulation/src/simple_sim/test/pub_test.cpp:24:36:[m[K [01;31m[Kerror: [m[Kexpected identifier before string constant
[2.264s]    24 |         positions ->joint_names = [[01;31m[K"arm_pitch_right"[m[K, "arm_roll_right", "hand_right",
[2.264s]       |                                    [01;31m[K^~~~~~~~~~~~~~~~~[m[K
[2.264s] [01m[K/home/hibiki/Robomech_HR/Eglantyne/simulation/src/simple_sim/test/pub_test.cpp:24:53:[m[K [01;31m[Kerror: [m[Kexpected â€˜[01m[K][m[Kâ€™ before â€˜[01m[K,[m[Kâ€™ token
[2.264s]    24 |         positions ->joint_names = ["arm_pitch_right"[01;31m[K,[m[K "arm_roll_right", "hand_right",
[2.264s]       |                                                     [01;31m[K^[m[K
[2.264s] [01m[K/home/hibiki/Robomech_HR/Eglantyne/simulation/src/simple_sim/test/pub_test.cpp:[m[K In lambda function:
[2.264s] [01m[K/home/hibiki/Robomech_HR/Eglantyne/simulation/src/simple_sim/test/pub_test.cpp:24:53:[m[K [01;31m[Kerror: [m[Kexpected â€˜[01m[K{[m[Kâ€™ before â€˜[01m[K,[m[Kâ€™ token
[2.264s] [01m[K/home/hibiki/Robomech_HR/Eglantyne/simulation/src/simple_sim/test/pub_test.cpp:[m[K In member function â€˜[01m[Kvoid PubTest::timer_callback()[m[Kâ€™:
[2.264s] [01m[K/home/hibiki/Robomech_HR/Eglantyne/simulation/src/simple_sim/test/pub_test.cpp:29:37:[m[K [01;31m[Kerror: [m[Kexpected identifier before numeric constant
[2.264s]    29 |         std::vector<double> pos1 = [[01;31m[K0.0[m[K, 0.0, -0.8,
[2.264s]       |                                     [01;31m[K^~~[m[K
[2.264s] [01m[K/home/hibiki/Robomech_HR/Eglantyne/simulation/src/simple_sim/test/pub_test.cpp:29:40:[m[K [01;31m[Kerror: [m[Kexpected â€˜[01m[K][m[Kâ€™ before â€˜[01m[K,[m[Kâ€™ token
[2.264s]    29 |         std::vector<double> pos1 = [0.0[01;31m[K,[m[K 0.0, -0.8,
[2.264s]       |                                        [01;31m[K^[m[K
[2.264s] [01m[K/home/hibiki/Robomech_HR/Eglantyne/simulation/src/simple_sim/test/pub_test.cpp:[m[K In lambda function:
[2.264s] [01m[K/home/hibiki/Robomech_HR/Eglantyne/simulation/src/simple_sim/test/pub_test.cpp:29:40:[m[K [01;31m[Kerror: [m[Kexpected â€˜[01m[K{[m[Kâ€™ before â€˜[01m[K,[m[Kâ€™ token
[2.264s] [01m[K/home/hibiki/Robomech_HR/Eglantyne/simulation/src/simple_sim/test/pub_test.cpp:[m[K In member function â€˜[01m[Kvoid PubTest::timer_callback()[m[Kâ€™:
[2.264s] [01m[K/home/hibiki/Robomech_HR/Eglantyne/simulation/src/simple_sim/test/pub_test.cpp:29:40:[m[K [01;31m[Kerror: [m[Kconversion from â€˜[01m[KPubTest::timer_callback()::<lambda()>[m[Kâ€™ to non-scalar type â€˜[01m[Kstd::vector<double, std::allocator<double> >[m[Kâ€™ requested
[2.264s] [01m[K/home/hibiki/Robomech_HR/Eglantyne/simulation/src/simple_sim/test/pub_test.cpp:29:42:[m[K [01;31m[Kerror: [m[Kexpected unqualified-id before numeric constant
[2.265s]    29 |         std::vector<double> pos1 = [0.0, [01;31m[K0.0[m[K, -0.8,
[2.265s]       |                                          [01;31m[K^~~[m[K
[2.265s] [01m[K/home/hibiki/Robomech_HR/Eglantyne/simulation/src/simple_sim/test/pub_test.cpp:33:37:[m[K [01;31m[Kerror: [m[Kexpected identifier before numeric constant
[2.265s]    33 |         std::vector<double> pos2 = [[01;31m[K0.0[m[K, 0.0, 0.0,
[2.265s]       |                                     [01;31m[K^~~[m[K
[2.265s] [01m[K/home/hibiki/Robomech_HR/Eglantyne/simulation/src/simple_sim/test/pub_test.cpp:33:40:[m[K [01;31m[Kerror: [m[Kexpected â€˜[01m[K][m[Kâ€™ before â€˜[01m[K,[m[Kâ€™ token
[2.265s]    33 |         std::vector<double> pos2 = [0.0[01;31m[K,[m[K 0.0, 0.0,
[2.265s]       |                                        [01;31m[K^[m[K
[2.265s] [01m[K/home/hibiki/Robomech_HR/Eglantyne/simulation/src/simple_sim/test/pub_test.cpp:[m[K In lambda function:
[2.265s] [01m[K/home/hibiki/Robomech_HR/Eglantyne/simulation/src/simple_sim/test/pub_test.cpp:33:40:[m[K [01;31m[Kerror: [m[Kexpected â€˜[01m[K{[m[Kâ€™ before â€˜[01m[K,[m[Kâ€™ token
[2.265s] [01m[K/home/hibiki/Robomech_HR/Eglantyne/simulation/src/simple_sim/test/pub_test.cpp:[m[K In member function â€˜[01m[Kvoid PubTest::timer_callback()[m[Kâ€™:
[2.265s] [01m[K/home/hibiki/Robomech_HR/Eglantyne/simulation/src/simple_sim/test/pub_test.cpp:33:40:[m[K [01;31m[Kerror: [m[Kconversion from â€˜[01m[KPubTest::timer_callback()::<lambda()>[m[Kâ€™ to non-scalar type â€˜[01m[Kstd::vector<double, std::allocator<double> >[m[Kâ€™ requested
[2.265s] [01m[K/home/hibiki/Robomech_HR/Eglantyne/simulation/src/simple_sim/test/pub_test.cpp:33:42:[m[K [01;31m[Kerror: [m[Kexpected unqualified-id before numeric constant
[2.265s]    33 |         std::vector<double> pos2 = [0.0, [01;31m[K0.0[m[K, 0.0,
[2.265s]       |                                          [01;31m[K^~~[m[K
[2.265s] [01m[K/home/hibiki/Robomech_HR/Eglantyne/simulation/src/simple_sim/test/pub_test.cpp:38:42:[m[K [01;31m[Kerror: [m[Kbase operand of â€˜[01m[K->[m[Kâ€™ has non-pointer type â€˜[01m[Ktrajectory_msgs::msg::JointTrajectory_<std::allocator<void> >[m[Kâ€™
[2.265s]    38 |         if(count_++ % 2 == 0){ positions [01;31m[K->[m[K points -> positions = pos1;
[2.265s]       |                                          [01;31m[K^~[m[K
[2.265s] [01m[K/home/hibiki/Robomech_HR/Eglantyne/simulation/src/simple_sim/test/pub_test.cpp:39:25:[m[K [01;31m[Kerror: [m[Kbase operand of â€˜[01m[K->[m[Kâ€™ has non-pointer type â€˜[01m[Ktrajectory_msgs::msg::JointTrajectory_<std::allocator<void> >[m[Kâ€™
[2.265s]    39 |         }else{positions [01;31m[K->[m[K points -> positions = pos2; }
[2.265s]       |                         [01;31m[K^~[m[K
[2.873s] gmake[2]: *** [CMakeFiles/pub_test.dir/build.make:76: CMakeFiles/pub_test.dir/test/pub_test.cpp.o] Error 1
[2.874s] gmake[1]: *** [CMakeFiles/Makefile2:137: CMakeFiles/pub_test.dir/all] Error 2
[2.874s] gmake: *** [Makefile:146: all] Error 2
[2.878s] Invoked command in '/home/hibiki/Robomech_HR/Eglantyne/simulation/build/simple_sim' returned '2': CMAKE_PREFIX_PATH=${CMAKE_PREFIX_PATH}:/home/hibiki/Robomech_HR/Eglantyne/simulation/install/ros2_control_demo_testing:/opt/ros/humble /usr/bin/cmake --build /home/hibiki/Robomech_HR/Eglantyne/simulation/build/simple_sim -- -j16 -l16
