[0.009s] Invoking command in '/home/hibiki/Robomech_HR/Eglantyne/simulation/build/simple_sim': CMAKE_PREFIX_PATH=${CMAKE_PREFIX_PATH}:/home/hibiki/Robomech_HR/Eglantyne/simulation/install/ros2_control_demo_testing:/opt/ros/humble /usr/bin/cmake --build /home/hibiki/Robomech_HR/Eglantyne/simulation/build/simple_sim -- -j16 -l16
[0.034s] [ 50%] [32mBuilding CXX object CMakeFiles/squad.dir/example/squad.cpp.o[0m
[0.152s] [01m[K/home/hibiki/Robomech_HR/Eglantyne/simulation/src/simple_sim/example/squad.cpp:7:10:[m[K [01;31m[Kfatal error: [m[Ktrajectory_msgs/msg/JointTrajectory: No such file or directory
[0.152s]     7 | #include [01;31m[K"trajectory_msgs/msg/JointTrajectory"[m[K
[0.152s]       |          [01;31m[K^~~~~~~~~~~~~~~~~~~~~~~~~~~~~~~~~~~~~[m[K
[0.152s] compilation terminated.
[0.153s] gmake[2]: *** [CMakeFiles/squad.dir/build.make:76: CMakeFiles/squad.dir/example/squad.cpp.o] Error 1
[0.153s] gmake[1]: *** [CMakeFiles/Makefile2:137: CMakeFiles/squad.dir/all] Error 2
[0.153s] gmake: *** [Makefile:146: all] Error 2
[0.155s] Invoked command in '/home/hibiki/Robomech_HR/Eglantyne/simulation/build/simple_sim' returned '2': CMAKE_PREFIX_PATH=${CMAKE_PREFIX_PATH}:/home/hibiki/Robomech_HR/Eglantyne/simulation/install/ros2_control_demo_testing:/opt/ros/humble /usr/bin/cmake --build /home/hibiki/Robomech_HR/Eglantyne/simulation/build/simple_sim -- -j16 -l16
