[0.009s] Invoking command in '/home/hibiki/Robomech_HR/Eglantyne/simulation/build/simple_sim': CMAKE_PREFIX_PATH=${CMAKE_PREFIX_PATH}:/home/hibiki/Robomech_HR/Eglantyne/simulation/install/ros2_control_demo_testing:/opt/ros/humble /usr/bin/cmake --build /home/hibiki/Robomech_HR/Eglantyne/simulation/build/simple_sim -- -j16 -l16
[0.039s] [ 33%] Built target pub_test
[0.039s] [ 66%] Built target pub_control
[0.039s] [ 83%] [32mBuilding CXX object CMakeFiles/zero_pub.dir/src/test/zero_pub.cpp.o[0m
[1.268s] [01m[K/home/hibiki/Robomech_HR/Eglantyne/simulation/src/simple_sim/src/test/zero_pub.cpp:[m[K In function â€˜[01m[Kint main(int, char**)[m[Kâ€™:
[1.268s] [01m[K/home/hibiki/Robomech_HR/Eglantyne/simulation/src/simple_sim/src/test/zero_pub.cpp:13:39:[m[K [01;31m[Kerror: [m[Kâ€˜[01m[Ktrajectpry_msgs[m[Kâ€™ was not declared in this scope; did you mean â€˜[01m[Ktrajectory_msgs[m[Kâ€™?
[1.268s]    13 |     auto pub = node->create_publisher<[01;31m[Ktrajectpry_msgs[m[K::msg::JointTrajectory>(
[1.268s]       |                                       [01;31m[K^~~~~~~~~~~~~~~[m[K
[1.268s]       |                                       [32m[Ktrajectory_msgs[m[K
[1.268s] [01m[K/home/hibiki/Robomech_HR/Eglantyne/simulation/src/simple_sim/src/test/zero_pub.cpp:13:22:[m[K [01;31m[Kerror: [m[Kparse error in template argument list
[1.268s]    13 |     auto pub = node->[01;31m[Kcreate_publisher<trajectpry_msgs::msg::JointTrajectory>[m[K(
[1.268s]       |                      [01;31m[K^~~~~~~~~~~~~~~~~~~~~~~~~~~~~~~~~~~~~~~~~~~~~~~~~~~~~~~[m[K
[1.269s] [01m[K/home/hibiki/Robomech_HR/Eglantyne/simulation/src/simple_sim/src/test/zero_pub.cpp:13:77:[m[K [01;31m[Kerror: [m[Kno matching function for call to â€˜[01m[Krclcpp::Node::create_publisher<<expression error> >(const char [21], int)[m[Kâ€™
[1.269s]    13 |     auto pub = [01;31m[Knode->create_publisher<trajectpry_msgs::msg::JointTrajectory>([m[K
[1.269s]       |                [01;31m[K~~~~~~~~~~~~~~~~~~~~~~~~~~~~~~~~~~~~~~~~~~~~~~~~~~~~~~~~~~~~~^[m[K
[1.269s]    14 | [01;31m[K        "/motion_list_command", 10)[m[K;
[1.269s]       |         [01;31m[K~~~~~~~~~~~~~~~~~~~~~~~~~~~[m[K                                          
[1.269s] In file included from [01m[K/opt/ros/humble/include/rclcpp/rclcpp/executors/single_threaded_executor.hpp:28[m[K,
[1.269s]                  from [01m[K/opt/ros/humble/include/rclcpp/rclcpp/executors.hpp:22[m[K,
[1.269s]                  from [01m[K/opt/ros/humble/include/rclcpp/rclcpp/rclcpp.hpp:155[m[K,
[1.269s]                  from [01m[K/home/hibiki/Robomech_HR/Eglantyne/simulation/src/simple_sim/src/test/zero_pub.cpp:6[m[K:
[1.269s] [01m[K/opt/ros/humble/include/rclcpp/rclcpp/node.hpp:195:3:[m[K [01;36m[Knote: [m[Kcandidate: â€˜[01m[Ktemplate<class MessageT, class AllocatorT, class PublisherT> std::shared_ptr<PublisherT> rclcpp::Node::create_publisher(const string&, const rclcpp::QoS&, const rclcpp::PublisherOptionsWithAllocator<AllocatorT>&)[m[Kâ€™
[1.269s]   195 |   [01;36m[Kcreate_publisher[m[K(
[1.269s]       |   [01;36m[K^~~~~~~~~~~~~~~~[m[K
[1.269s] [01m[K/opt/ros/humble/include/rclcpp/rclcpp/node.hpp:195:3:[m[K [01;36m[Knote: [m[K  template argument deduction/substitution failed:
[1.269s] [01m[K/home/hibiki/Robomech_HR/Eglantyne/simulation/src/simple_sim/src/test/zero_pub.cpp:13:77:[m[K [01;31m[Kerror: [m[Ktemplate argument 1 is invalid
[1.269s]    13 |     auto pub = [01;31m[Knode->create_publisher<trajectpry_msgs::msg::JointTrajectory>([m[K
[1.269s]       |                [01;31m[K~~~~~~~~~~~~~~~~~~~~~~~~~~~~~~~~~~~~~~~~~~~~~~~~~~~~~~~~~~~~~^[m[K
[1.269s]    14 | [01;31m[K        "/motion_list_command", 10)[m[K;
[1.269s]       |         [01;31m[K~~~~~~~~~~~~~~~~~~~~~~~~~~~[m[K                                          
[1.269s] [01m[K/home/hibiki/Robomech_HR/Eglantyne/simulation/src/simple_sim/src/test/zero_pub.cpp:28:37:[m[K [01;35m[Kwarning: [m[Kfor increment expression has no effect [[01;35m[K]8;;https://gcc.gnu.org/onlinedocs/gcc/Warning-Options.html#index-Wunused-value-Wunused-value]8;;[m[K]
[1.269s]    28 |     for (int count=0; count++; [01;35m[Kcount<max_count[m[K){
[1.269s]       |                                [01;35m[K~~~~~^~~~~~~~~~[m[K
[1.269s] [01m[K/home/hibiki/Robomech_HR/Eglantyne/simulation/src/simple_sim/src/test/zero_pub.cpp:31:28:[m[K [01;35m[Kwarning: [m[Kfor increment expression has no effect [[01;35m[K]8;;https://gcc.gnu.org/onlinedocs/gcc/Warning-Options.html#index-Wunused-value-Wunused-value]8;;[m[K]
[1.269s]    31 |         for(int j=0; j++; [01;35m[Kj<18[m[K){
[1.269s]       |                           [01;35m[K~^~~[m[K
[1.270s] [01m[K/home/hibiki/Robomech_HR/Eglantyne/simulation/src/simple_sim/src/test/zero_pub.cpp:32:52:[m[K [01;31m[Kerror: [m[Kâ€˜[01m[Ki[m[Kâ€™ was not declared in this scope
[1.270s]    32 |             positions[j] = initial[j] * (max_count-[01;31m[Ki[m[K) + goal[j] * i;
[1.270s]       |                                                    [01;31m[K^[m[K
[1.270s] [01m[K/home/hibiki/Robomech_HR/Eglantyne/simulation/src/simple_sim/src/test/zero_pub.cpp:35:32:[m[K [01;31m[Kerror: [m[Kno matching function for call to â€˜[01m[Kstd::vector<trajectory_msgs::msg::JointTrajectoryPoint_<std::allocator<void> >, std::allocator<trajectory_msgs::msg::JointTrajectoryPoint_<std::allocator<void> > > >::push_back(std::vector<double, std::allocator<double> >&)[m[Kâ€™
[1.270s]    35 |         [01;31m[Kmotion.points.push_back(positions)[m[K;
[1.270s]       |         [01;31m[K~~~~~~~~~~~~~~~~~~~~~~~^~~~~~~~~~~[m[K
[1.270s] In file included from [01m[K/usr/include/c++/11/vector:67[m[K,
[1.270s]                  from [01m[K/usr/include/c++/11/functional:62[m[K,
[1.270s]                  from [01m[K/home/hibiki/Robomech_HR/Eglantyne/simulation/src/simple_sim/src/test/zero_pub.cpp:2[m[K:
[1.270s] [01m[K/usr/include/c++/11/bits/stl_vector.h:1187:7:[m[K [01;36m[Knote: [m[Kcandidate: â€˜[01m[Kvoid std::vector<_Tp, _Alloc>::push_back(const value_type&) [with _Tp = trajectory_msgs::msg::JointTrajectoryPoint_<std::allocator<void> >; _Alloc = std::allocator<trajectory_msgs::msg::JointTrajectoryPoint_<std::allocator<void> > >; std::vector<_Tp, _Alloc>::value_type = trajectory_msgs::msg::JointTrajectoryPoint_<std::allocator<void> >][m[Kâ€™
[1.270s]  1187 |       [01;36m[Kpush_back[m[K(const value_type& __x)
[1.271s]       |       [01;36m[K^~~~~~~~~[m[K
[1.271s] [01m[K/usr/include/c++/11/bits/stl_vector.h:1187:35:[m[K [01;36m[Knote: [m[K  no known conversion for argument 1 from â€˜[01m[Kstd::vector<double, std::allocator<double> >[m[Kâ€™ to â€˜[01m[Kconst value_type&[m[Kâ€™ {aka â€˜[01m[Kconst trajectory_msgs::msg::JointTrajectoryPoint_<std::allocator<void> >&[m[Kâ€™}
[1.271s]  1187 |       push_back([01;36m[Kconst value_type& __x[m[K)
[1.271s]       |                 [01;36m[K~~~~~~~~~~~~~~~~~~^~~[m[K
[1.271s] [01m[K/usr/include/c++/11/bits/stl_vector.h:1203:7:[m[K [01;36m[Knote: [m[Kcandidate: â€˜[01m[Kvoid std::vector<_Tp, _Alloc>::push_back(std::vector<_Tp, _Alloc>::value_type&&) [with _Tp = trajectory_msgs::msg::JointTrajectoryPoint_<std::allocator<void> >; _Alloc = std::allocator<trajectory_msgs::msg::JointTrajectoryPoint_<std::allocator<void> > >; std::vector<_Tp, _Alloc>::value_type = trajectory_msgs::msg::JointTrajectoryPoint_<std::allocator<void> >][m[Kâ€™
[1.271s]  1203 |       [01;36m[Kpush_back[m[K(value_type&& __x)
[1.271s]       |       [01;36m[K^~~~~~~~~[m[K
[1.271s] [01m[K/usr/include/c++/11/bits/stl_vector.h:1203:30:[m[K [01;36m[Knote: [m[K  no known conversion for argument 1 from â€˜[01m[Kstd::vector<double, std::allocator<double> >[m[Kâ€™ to â€˜[01m[Kstd::vector<trajectory_msgs::msg::JointTrajectoryPoint_<std::allocator<void> >, std::allocator<trajectory_msgs::msg::JointTrajectoryPoint_<std::allocator<void> > > >::value_type&&[m[Kâ€™ {aka â€˜[01m[Ktrajectory_msgs::msg::JointTrajectoryPoint_<std::allocator<void> >&&[m[Kâ€™}
[1.271s]  1203 |       push_back([01;36m[Kvalue_type&& __x[m[K)
[1.271s]       |                 [01;36m[K~~~~~~~~~~~~~^~~[m[K
[1.273s] [01m[K/home/hibiki/Robomech_HR/Eglantyne/simulation/src/simple_sim/src/test/zero_pub.cpp:38:5:[m[K [01;31m[Kerror: [m[Kâ€˜[01m[Kpub_publish[m[Kâ€™ was not declared in this scope; did you mean â€˜[01m[Krmw_publish[m[Kâ€™?
[1.273s]    38 |     [01;31m[Kpub_publish[m[K(motion);
[1.273s]       |     [01;31m[K^~~~~~~~~~~[m[K
[1.273s]       |     [32m[Krmw_publish[m[K
[1.516s] gmake[2]: *** [CMakeFiles/zero_pub.dir/build.make:76: CMakeFiles/zero_pub.dir/src/test/zero_pub.cpp.o] Error 1
[1.517s] gmake[1]: *** [CMakeFiles/Makefile2:167: CMakeFiles/zero_pub.dir/all] Error 2
[1.517s] gmake: *** [Makefile:146: all] Error 2
[1.519s] Invoked command in '/home/hibiki/Robomech_HR/Eglantyne/simulation/build/simple_sim' returned '2': CMAKE_PREFIX_PATH=${CMAKE_PREFIX_PATH}:/home/hibiki/Robomech_HR/Eglantyne/simulation/install/ros2_control_demo_testing:/opt/ros/humble /usr/bin/cmake --build /home/hibiki/Robomech_HR/Eglantyne/simulation/build/simple_sim -- -j16 -l16
