[01m[K/home/hibiki/Robomech_HR/Eglantyne/simulation/src/simple_sim/test/pub_test.cpp:[m[K In member function â€˜[01m[Kvoid PubTest::timer_callback()[m[Kâ€™:
[01m[K/home/hibiki/Robomech_HR/Eglantyne/simulation/src/simple_sim/test/pub_test.cpp:26:19:[m[K [01;31m[Kerror: [m[Kbase operand of â€˜[01m[K->[m[Kâ€™ has non-pointer type â€˜[01m[Ktrajectory_msgs::msg::JointTrajectory_<std::allocator<void> >[m[Kâ€™
   26 |         positions [01;31m[K->[m[Kjoint_names = ["arm_pitch_right", "arm_roll_right", "hand_right",
      |                   [01;31m[K^~[m[K
[01m[K/home/hibiki/Robomech_HR/Eglantyne/simulation/src/simple_sim/test/pub_test.cpp:26:36:[m[K [01;31m[Kerror: [m[Kexpected identifier before string constant
   26 |         positions ->joint_names = [[01;31m[K"arm_pitch_right"[m[K, "arm_roll_right", "hand_right",
      |                                    [01;31m[K^~~~~~~~~~~~~~~~~[m[K
[01m[K/home/hibiki/Robomech_HR/Eglantyne/simulation/src/simple_sim/test/pub_test.cpp:26:53:[m[K [01;31m[Kerror: [m[Kexpected â€˜[01m[K][m[Kâ€™ before â€˜[01m[K,[m[Kâ€™ token
   26 |         positions ->joint_names = ["arm_pitch_right"[01;31m[K,[m[K "arm_roll_right", "hand_right",
      |                                                     [01;31m[K^[m[K
[01m[K/home/hibiki/Robomech_HR/Eglantyne/simulation/src/simple_sim/test/pub_test.cpp:[m[K In lambda function:
[01m[K/home/hibiki/Robomech_HR/Eglantyne/simulation/src/simple_sim/test/pub_test.cpp:26:53:[m[K [01;31m[Kerror: [m[Kexpected â€˜[01m[K{[m[Kâ€™ before â€˜[01m[K,[m[Kâ€™ token
[01m[K/home/hibiki/Robomech_HR/Eglantyne/simulation/src/simple_sim/test/pub_test.cpp:[m[K In member function â€˜[01m[Kvoid PubTest::timer_callback()[m[Kâ€™:
[01m[K/home/hibiki/Robomech_HR/Eglantyne/simulation/src/simple_sim/test/pub_test.cpp:31:37:[m[K [01;31m[Kerror: [m[Kexpected identifier before numeric constant
   31 |         std::vector<double> pos1 = [[01;31m[K0.0[m[K, 0.0, -0.8,
      |                                     [01;31m[K^~~[m[K
[01m[K/home/hibiki/Robomech_HR/Eglantyne/simulation/src/simple_sim/test/pub_test.cpp:31:40:[m[K [01;31m[Kerror: [m[Kexpected â€˜[01m[K][m[Kâ€™ before â€˜[01m[K,[m[Kâ€™ token
   31 |         std::vector<double> pos1 = [0.0[01;31m[K,[m[K 0.0, -0.8,
      |                                        [01;31m[K^[m[K
[01m[K/home/hibiki/Robomech_HR/Eglantyne/simulation/src/simple_sim/test/pub_test.cpp:[m[K In lambda function:
[01m[K/home/hibiki/Robomech_HR/Eglantyne/simulation/src/simple_sim/test/pub_test.cpp:31:40:[m[K [01;31m[Kerror: [m[Kexpected â€˜[01m[K{[m[Kâ€™ before â€˜[01m[K,[m[Kâ€™ token
[01m[K/home/hibiki/Robomech_HR/Eglantyne/simulation/src/simple_sim/test/pub_test.cpp:[m[K In member function â€˜[01m[Kvoid PubTest::timer_callback()[m[Kâ€™:
[01m[K/home/hibiki/Robomech_HR/Eglantyne/simulation/src/simple_sim/test/pub_test.cpp:31:40:[m[K [01;31m[Kerror: [m[Kconversion from â€˜[01m[KPubTest::timer_callback()::<lambda()>[m[Kâ€™ to non-scalar type â€˜[01m[Kstd::vector<double, std::allocator<double> >[m[Kâ€™ requested
[01m[K/home/hibiki/Robomech_HR/Eglantyne/simulation/src/simple_sim/test/pub_test.cpp:31:42:[m[K [01;31m[Kerror: [m[Kexpected unqualified-id before numeric constant
   31 |         std::vector<double> pos1 = [0.0, [01;31m[K0.0[m[K, -0.8,
      |                                          [01;31m[K^~~[m[K
[01m[K/home/hibiki/Robomech_HR/Eglantyne/simulation/src/simple_sim/test/pub_test.cpp:35:37:[m[K [01;31m[Kerror: [m[Kexpected identifier before numeric constant
   35 |         std::vector<double> pos2 = [[01;31m[K0.0[m[K, 0.0, 0.0,
      |                                     [01;31m[K^~~[m[K
[01m[K/home/hibiki/Robomech_HR/Eglantyne/simulation/src/simple_sim/test/pub_test.cpp:35:40:[m[K [01;31m[Kerror: [m[Kexpected â€˜[01m[K][m[Kâ€™ before â€˜[01m[K,[m[Kâ€™ token
   35 |         std::vector<double> pos2 = [0.0[01;31m[K,[m[K 0.0, 0.0,
      |                                        [01;31m[K^[m[K
[01m[K/home/hibiki/Robomech_HR/Eglantyne/simulation/src/simple_sim/test/pub_test.cpp:[m[K In lambda function:
[01m[K/home/hibiki/Robomech_HR/Eglantyne/simulation/src/simple_sim/test/pub_test.cpp:35:40:[m[K [01;31m[Kerror: [m[Kexpected â€˜[01m[K{[m[Kâ€™ before â€˜[01m[K,[m[Kâ€™ token
[01m[K/home/hibiki/Robomech_HR/Eglantyne/simulation/src/simple_sim/test/pub_test.cpp:[m[K In member function â€˜[01m[Kvoid PubTest::timer_callback()[m[Kâ€™:
[01m[K/home/hibiki/Robomech_HR/Eglantyne/simulation/src/simple_sim/test/pub_test.cpp:35:40:[m[K [01;31m[Kerror: [m[Kconversion from â€˜[01m[KPubTest::timer_callback()::<lambda()>[m[Kâ€™ to non-scalar type â€˜[01m[Kstd::vector<double, std::allocator<double> >[m[Kâ€™ requested
[01m[K/home/hibiki/Robomech_HR/Eglantyne/simulation/src/simple_sim/test/pub_test.cpp:35:42:[m[K [01;31m[Kerror: [m[Kexpected unqualified-id before numeric constant
   35 |         std::vector<double> pos2 = [0.0, [01;31m[K0.0[m[K, 0.0,
      |                                          [01;31m[K^~~[m[K
[01m[K/home/hibiki/Robomech_HR/Eglantyne/simulation/src/simple_sim/test/pub_test.cpp:40:42:[m[K [01;31m[Kerror: [m[Kbase operand of â€˜[01m[K->[m[Kâ€™ has non-pointer type â€˜[01m[Ktrajectory_msgs::msg::JointTrajectory_<std::allocator<void> >[m[Kâ€™
   40 |         if(count_++ % 2 == 0){ positions [01;31m[K->[m[K points -> positions = pos1;
      |                                          [01;31m[K^~[m[K
[01m[K/home/hibiki/Robomech_HR/Eglantyne/simulation/src/simple_sim/test/pub_test.cpp:41:25:[m[K [01;31m[Kerror: [m[Kbase operand of â€˜[01m[K->[m[Kâ€™ has non-pointer type â€˜[01m[Ktrajectory_msgs::msg::JointTrajectory_<std::allocator<void> >[m[Kâ€™
   41 |         }else{positions [01;31m[K->[m[K points -> positions = pos2; }
      |                         [01;31m[K^~[m[K
gmake[2]: *** [CMakeFiles/pub_test.dir/build.make:76: CMakeFiles/pub_test.dir/test/pub_test.cpp.o] Error 1
gmake[1]: *** [CMakeFiles/Makefile2:137: CMakeFiles/pub_test.dir/all] Error 2
gmake: *** [Makefile:146: all] Error 2
