[0.008s] Invoking command in '/home/hibiki/Robomech_HR/Eglantyne/simulation/build/simple_sim': CMAKE_PREFIX_PATH=${CMAKE_PREFIX_PATH}:/home/hibiki/Robomech_HR/Eglantyne/simulation/install/ros2_control_demo_testing:/opt/ros/humble /usr/bin/cmake --build /home/hibiki/Robomech_HR/Eglantyne/simulation/build/simple_sim -- -j16 -l16
[0.035s] [  2%] Built target simple_sim__cpp
[0.036s] [ 11%] Built target simple_sim__rosidl_generator_c
[0.038s] [ 14%] Built target ament_cmake_python_copy_simple_sim
[0.038s] [ 14%] [32mBuilding CXX object CMakeFiles/pub_control.dir/src/controller/pub_control.cpp.o[0m
[0.041s] [ 20%] Built target pub_test
[0.051s] [ 28%] Built target simple_sim__rosidl_typesupport_cpp
[0.052s] [ 37%] Built target simple_sim__rosidl_typesupport_introspection_c
[0.053s] [ 45%] Built target simple_sim__rosidl_typesupport_fastrtps_cpp
[0.054s] [ 54%] Built target simple_sim__rosidl_typesupport_c
[0.054s] [ 62%] Built target simple_sim__rosidl_typesupport_introspection_cpp
[0.057s] [ 71%] Built target simple_sim__rosidl_typesupport_fastrtps_c
[0.066s] [ 71%] Built target simple_sim
[0.076s] [ 74%] Built target simple_sim__py
[0.087s] [ 80%] Built target simple_sim__rosidl_generator_py
[0.099s] [ 91%] Built target simple_sim__rosidl_typesupport_introspection_c__pyext
[0.099s] [ 91%] Built target simple_sim__rosidl_typesupport_fastrtps_c__pyext
[0.099s] [ 97%] Built target simple_sim__rosidl_typesupport_c__pyext
[0.156s] running egg_info
[0.162s] writing simple_sim.egg-info/PKG-INFO
[0.162s] writing dependency_links to simple_sim.egg-info/dependency_links.txt
[0.163s] writing top-level names to simple_sim.egg-info/top_level.txt
[0.180s] reading manifest file 'simple_sim.egg-info/SOURCES.txt'
[0.180s] writing manifest file 'simple_sim.egg-info/SOURCES.txt'
[0.196s] [ 97%] Built target ament_cmake_python_build_simple_sim_egg
[1.241s] [01m[K/home/hibiki/Robomech_HR/Eglantyne/simulation/src/simple_sim/src/controller/pub_control.cpp:15:5:[m[K [01;31m[Kerror: [m[KISO C++ forbids declaration of â€˜[01m[KPubTest[m[Kâ€™ with no type [[01;31m[K]8;;https://gcc.gnu.org/onlinedocs/gcc/Warning-Options.html#index-fpermissive-fpermissive]8;;[m[K]
[1.241s]    15 |     [01;31m[KPubTest[m[K()
[1.241s]       |     [01;31m[K^~~~~~~[m[K
[1.242s] [01m[K/home/hibiki/Robomech_HR/Eglantyne/simulation/src/simple_sim/src/controller/pub_control.cpp:41:31:[m[K [01;31m[Kerror: [m[Kâ€˜[01m[Ktrajectpry_msgs[m[Kâ€™ does not name a type
[1.242s]    41 |     void update_motions(const [01;31m[Ktrajectpry_msgs[m[K::msg::JointTrajectpry & motion) const
[1.243s]       |                               [01;31m[K^~~~~~~~~~~~~~~[m[K
[1.243s] [01m[K/home/hibiki/Robomech_HR/Eglantyne/simulation/src/simple_sim/src/controller/pub_control.cpp:41:51:[m[K [01;31m[Kerror: [m[Kexpected unqualified-id before â€˜[01m[K::[m[Kâ€™ token
[1.243s]    41 |     void update_motions(const trajectpry_msgs::msg[01;31m[K::[m[KJointTrajectpry & motion) const
[1.243s]       |                                                   [01;31m[K^~[m[K
[1.243s] [01m[K/home/hibiki/Robomech_HR/Eglantyne/simulation/src/simple_sim/src/controller/pub_control.cpp:41:51:[m[K [01;31m[Kerror: [m[Kexpected â€˜[01m[K)[m[Kâ€™ before â€˜[01m[K::[m[Kâ€™ token
[1.243s]    41 |     void update_motions[34m[K([m[Kconst trajectpry_msgs::msg[01;31m[K:[m[K[32m[K:[m[KJointTrajectpry & motion) const
[1.243s]       |                        [34m[K~[m[K                          [01;31m[K^[m[K[32m[K~[m[K
[1.243s]       |                                                   [32m[K)[m[K
[1.243s] [01m[K/home/hibiki/Robomech_HR/Eglantyne/simulation/src/simple_sim/src/controller/pub_control.cpp:41:48:[m[K [01;31m[Kerror: [m[Kexpected â€˜[01m[K;[m[Kâ€™ at end of member declaration
[1.243s]    41 |     void update_motions(const trajectpry_msgs::[01;31m[Kmsg[m[K::JointTrajectpry & motion) const
[1.243s]       |                                                [01;31m[K^~~[m[K
[1.243s]       |                                                   [32m[K;[m[K
[1.244s] [01m[K/home/hibiki/Robomech_HR/Eglantyne/simulation/src/simple_sim/src/controller/pub_control.cpp:41:53:[m[K [01;31m[Kerror: [m[Kâ€˜[01m[KJointTrajectpry[m[Kâ€™ in namespace â€˜[01m[K::[m[Kâ€™ does not name a type
[1.245s]    41 |     void update_motions(const trajectpry_msgs::msg::[01;31m[KJointTrajectpry[m[K & motion) const
[1.245s]       |                                                     [01;31m[K^~~~~~~~~~~~~~~[m[K
[1.247s] [01m[K/home/hibiki/Robomech_HR/Eglantyne/simulation/src/simple_sim/src/controller/pub_control.cpp:55:48:[m[K [01;31m[Kerror: [m[Kâ€˜[01m[KJointTrajectpry[m[Kâ€™ is not a member of â€˜[01m[Ktrajectory_msgs::msg[m[Kâ€™; did you mean â€˜[01m[KJointTrajectory[m[Kâ€™?
[1.247s]    55 |     rclcpp::Subscription<trajectory_msgs::msg::[01;31m[KJointTrajectpry[m[K>::SharedPtr subscription_;
[1.247s]       |                                                [01;31m[K^~~~~~~~~~~~~~~[m[K
[1.247s]       |                                                [32m[KJointTrajectory[m[K
[1.247s] [01m[K/home/hibiki/Robomech_HR/Eglantyne/simulation/src/simple_sim/src/controller/pub_control.cpp:55:63:[m[K [01;31m[Kerror: [m[Ktemplate argument 1 is invalid
[1.247s]    55 |     rclcpp::Subscription<trajectory_msgs::msg::JointTrajectpry[01;31m[K>[m[K::SharedPtr subscription_;
[1.247s]       |                                                               [01;31m[K^[m[K
[1.247s] [01m[K/home/hibiki/Robomech_HR/Eglantyne/simulation/src/simple_sim/src/controller/pub_control.cpp:55:63:[m[K [01;31m[Kerror: [m[Ktemplate argument 3 is invalid
[1.247s] [01m[K/home/hibiki/Robomech_HR/Eglantyne/simulation/src/simple_sim/src/controller/pub_control.cpp:55:63:[m[K [01;31m[Kerror: [m[Ktemplate argument 4 is invalid
[1.247s] [01m[K/home/hibiki/Robomech_HR/Eglantyne/simulation/src/simple_sim/src/controller/pub_control.cpp:55:63:[m[K [01;31m[Kerror: [m[Ktemplate argument 5 is invalid
[1.247s] [01m[K/home/hibiki/Robomech_HR/Eglantyne/simulation/src/simple_sim/src/controller/pub_control.cpp:55:66:[m[K [01;31m[Kerror: [m[Kexpected â€˜[01m[K;[m[Kâ€™ at end of member declaration
[1.247s]    55 |     rclcpp::Subscription<trajectory_msgs::msg::JointTrajectpry>::[01;31m[KSharedPtr[m[K subscription_;
[1.247s]       |                                                                  [01;31m[K^~~~~~~~~[m[K
[1.247s]       |                                                                           [32m[K;[m[K
[1.248s] [01m[K/home/hibiki/Robomech_HR/Eglantyne/simulation/src/simple_sim/src/controller/pub_control.cpp:55:76:[m[K [01;31m[Kerror: [m[Kâ€˜[01m[Ksubscription_[m[Kâ€™ does not name a type; did you mean â€˜[01m[Krmw_subscription_t[m[Kâ€™?
[1.248s]    55 |     rclcpp::Subscription<trajectory_msgs::msg::JointTrajectpry>::SharedPtr [01;31m[Ksubscription_[m[K;
[1.248s]       |                                                                            [01;31m[K^~~~~~~~~~~~~[m[K
[1.248s]       |                                                                            [32m[Krmw_subscription_t[m[K
[1.248s] [01m[K/home/hibiki/Robomech_HR/Eglantyne/simulation/src/simple_sim/src/controller/pub_control.cpp:[m[K In member function â€˜[01m[Kint PubControl::PubTest()[m[Kâ€™:
[1.248s] [01m[K/home/hibiki/Robomech_HR/Eglantyne/simulation/src/simple_sim/src/controller/pub_control.cpp:16:7:[m[K [01;31m[Kerror: [m[Konly constructors take member initializers
[1.248s]    16 |     : [01;31m[KNode[m[K("pub_control")
[1.248s]       |       [01;31m[K^~~~[m[K
[1.259s] [01m[K/home/hibiki/Robomech_HR/Eglantyne/simulation/src/simple_sim/src/controller/pub_control.cpp:22:9:[m[K [01;31m[Kerror: [m[Kâ€˜[01m[Ksubscrption_[m[Kâ€™ was not declared in this scope
[1.259s]    22 |         [01;31m[Ksubscrption_[m[K = this->create_subscription<trajectory_msgs::msg::JointTrajectory>(
[1.259s]       |         [01;31m[K^~~~~~~~~~~~[m[K
[1.259s] [01m[K/home/hibiki/Robomech_HR/Eglantyne/simulation/src/simple_sim/src/controller/pub_control.cpp:23:85:[m[K [01;31m[Kerror: [m[Kexpected â€˜[01m[K)[m[Kâ€™ before â€˜[01m[K_1[m[Kâ€™
[1.259s]    23 |             "/motion_list_command", 10, std::bind(&PubControl::update_motions, this [01;31m[K_1[m[K));
[1.259s]       |                                                                                     [01;31m[K^~[m[K
[1.259s] [01m[K/home/hibiki/Robomech_HR/Eglantyne/simulation/src/simple_sim/src/controller/pub_control.cpp:23:50:[m[K [01;36m[Knote: [m[Kto match this â€˜[01m[K([m[Kâ€™
[1.259s]    23 |             "/motion_list_command", 10, std::bind[01;36m[K([m[K&PubControl::update_motions, this _1));
[1.259s]       |                                                  [01;36m[K^[m[K
[1.280s] [01m[K/home/hibiki/Robomech_HR/Eglantyne/simulation/src/simple_sim/src/controller/pub_control.cpp:24:5:[m[K [01;35m[Kwarning: [m[Kno return statement in function returning non-void [[01;35m[K]8;;https://gcc.gnu.org/onlinedocs/gcc/Warning-Options.html#index-Wreturn-type-Wreturn-type]8;;[m[K]
[1.280s]    24 |     [01;35m[K}[m[K
[1.280s]       |     [01;35m[K^[m[K
[1.283s] [01m[K/home/hibiki/Robomech_HR/Eglantyne/simulation/src/simple_sim/src/controller/pub_control.cpp:[m[K In member function â€˜[01m[Kvoid PubControl::timer_callback()[m[Kâ€™:
[1.283s] [01m[K/home/hibiki/Robomech_HR/Eglantyne/simulation/src/simple_sim/src/controller/pub_control.cpp:32:13:[m[K [01;31m[Kerror: [m[Kâ€˜[01m[Kpos[m[Kâ€™ was not declared in this scope; did you mean â€˜[01m[Kpow[m[Kâ€™?
[1.283s]    32 |             [01;31m[Kpos[m[K = order.front();
[1.283s]       |             [01;31m[K^~~[m[K
[1.283s]       |             [32m[Kpow[m[K
[1.525s] In file included from [01m[K/opt/ros/humble/include/rclcpp/rclcpp/client.hpp:39[m[K,
[1.525s]                  from [01m[K/opt/ros/humble/include/rclcpp/rclcpp/callback_group.hpp:24[m[K,
[1.525s]                  from [01m[K/opt/ros/humble/include/rclcpp/rclcpp/any_executable.hpp:20[m[K,
[1.525s]                  from [01m[K/opt/ros/humble/include/rclcpp/rclcpp/memory_strategy.hpp:25[m[K,
[1.525s]                  from [01m[K/opt/ros/humble/include/rclcpp/rclcpp/memory_strategies.hpp:18[m[K,
[1.525s]                  from [01m[K/opt/ros/humble/include/rclcpp/rclcpp/executor_options.hpp:20[m[K,
[1.525s]                  from [01m[K/opt/ros/humble/include/rclcpp/rclcpp/executor.hpp:37[m[K,
[1.525s]                  from [01m[K/opt/ros/humble/include/rclcpp/rclcpp/executors/multi_threaded_executor.hpp:25[m[K,
[1.525s]                  from [01m[K/opt/ros/humble/include/rclcpp/rclcpp/executors.hpp:21[m[K,
[1.525s]                  from [01m[K/opt/ros/humble/include/rclcpp/rclcpp/rclcpp.hpp:155[m[K,
[1.525s]                  from [01m[K/home/hibiki/Robomech_HR/Eglantyne/simulation/src/simple_sim/src/controller/pub_control.cpp:6[m[K:
[1.525s] /opt/ros/humble/include/rclcpp/rclcpp/function_traits.hpp: In instantiation of â€˜[01m[Kstruct rclcpp::function_traits::function_traits<std::_Bind<void (PubControl::*(PubControl*))(...)> >[m[Kâ€™:
[1.526s] [01m[K/opt/ros/humble/include/rclcpp/rclcpp/any_subscription_callback.hpp:380:10:[m[K   recursively required by substitution of â€˜[01m[Ktemplate<class MessageT, class CallbackT> struct rclcpp::detail::SubscriptionCallbackTypeHelper<MessageT, CallbackT, typename std::enable_if<rclcpp::function_traits::same_arguments<CallbackT, std::function<void(std::shared_ptr<_Tp>, const rclcpp::MessageInfo&)> >::value, void>::type> [with MessageT = trajectory_msgs::msg::JointTrajectory_<std::allocator<void> >; CallbackT = std::_Bind<void (PubControl::*(PubControl*))(...)>][m[Kâ€™
[1.526s] [01m[K/opt/ros/humble/include/rclcpp/rclcpp/any_subscription_callback.hpp:380:10:[m[K   required from â€˜[01m[Krclcpp::AnySubscriptionCallback<MessageT, AllocatorT> rclcpp::AnySubscriptionCallback<MessageT, AllocatorT>::set(CallbackT) [with CallbackT = std::_Bind<void (PubControl::*(PubControl*))(...)>; MessageT = trajectory_msgs::msg::JointTrajectory_<std::allocator<void> >; AllocatorT = std::allocator<void>][m[Kâ€™
[1.526s] [01m[K/opt/ros/humble/include/rclcpp/rclcpp/subscription_factory.hpp:94:32:[m[K   required from â€˜[01m[Krclcpp::SubscriptionFactory rclcpp::create_subscription_factory(CallbackT&&, const rclcpp::SubscriptionOptionsWithAllocator<AllocatorT>&, typename MessageMemoryStrategyT::SharedPtr, std::shared_ptr<rclcpp::topic_statistics::SubscriptionTopicStatistics<ROSMessageType> >) [with MessageT = trajectory_msgs::msg::JointTrajectory_<std::allocator<void> >; CallbackT = std::_Bind<void (PubControl::*(PubControl*))(...)>; AllocatorT = std::allocator<void>; SubscriptionT = rclcpp::Subscription<trajectory_msgs::msg::JointTrajectory_<std::allocator<void> >, std::allocator<void>, trajectory_msgs::msg::JointTrajectory_<std::allocator<void> >, trajectory_msgs::msg::JointTrajectory_<std::allocator<void> >, rclcpp::message_memory_strategy::MessageMemoryStrategy<trajectory_msgs::msg::JointTrajectory_<std::allocator<void> >, std::allocator<void> > >; MessageMemoryStrategyT = rclcpp::message_memory_strategy::MessageMemoryStrategy<trajectory_msgs::msg::JointTrajectory_<std::allocator<void> >, std::allocator<void> >; ROSMessageType = trajectory_msgs::msg::JointTrajectory_<std::allocator<void> >; typename MessageMemoryStrategyT::SharedPtr = std::shared_ptr<rclcpp::message_memory_strategy::MessageMemoryStrategy<trajectory_msgs::msg::JointTrajectory_<std::allocator<void> >, std::allocator<void> > >][m[Kâ€™
[1.526s] [01m[K/opt/ros/humble/include/rclcpp/rclcpp/create_subscription.hpp:122:63:[m[K   required from â€˜[01m[Kstd::shared_ptr<ROSMessageT> rclcpp::detail::create_subscription(NodeParametersT&, NodeTopicsT&, const string&, const rclcpp::QoS&, CallbackT&&, const rclcpp::SubscriptionOptionsWithAllocator<AllocatorT>&, typename MessageMemoryStrategyT::SharedPtr) [with MessageT = trajectory_msgs::msg::JointTrajectory_<std::allocator<void> >; CallbackT = std::_Bind<void (PubControl::*(PubControl*))(...)>; AllocatorT = std::allocator<void>; SubscriptionT = rclcpp::Subscription<trajectory_msgs::msg::JointTrajectory_<std::allocator<void> >, std::allocator<void>, trajectory_msgs::msg::JointTrajectory_<std::allocator<void> >, trajectory_msgs::msg::JointTrajectory_<std::allocator<void> >, rclcpp::message_memory_strategy::MessageMemoryStrategy<trajectory_msgs::msg::JointTrajectory_<std::allocator<void> >, std::allocator<void> > >; MessageMemoryStrategyT = rclcpp::message_memory_strategy::MessageMemoryStrategy<trajectory_msgs::msg::JointTrajectory_<std::allocator<void> >, std::allocator<void> >; NodeParametersT = rclcpp::Node; NodeTopicsT = rclcpp::Node; ROSMessageType = trajectory_msgs::msg::JointTrajectory_<std::allocator<void> >; std::string = std::__cxx11::basic_string<char>; typename MessageMemoryStrategyT::SharedPtr = std::shared_ptr<rclcpp::message_memory_strategy::MessageMemoryStrategy<trajectory_msgs::msg::JointTrajectory_<std::allocator<void> >, std::allocator<void> > >][m[Kâ€™
[1.526s] [01m[K/opt/ros/humble/include/rclcpp/rclcpp/create_subscription.hpp:191:76:[m[K   required from â€˜[01m[Kstd::shared_ptr<ROSMessageT> rclcpp::create_subscription(NodeT&, const string&, const rclcpp::QoS&, CallbackT&&, const rclcpp::SubscriptionOptionsWithAllocator<AllocatorT>&, typename MessageMemoryStrategyT::SharedPtr) [with MessageT = trajectory_msgs::msg::JointTrajectory_<std::allocator<void> >; CallbackT = std::_Bind<void (PubControl::*(PubControl*))(...)>; AllocatorT = std::allocator<void>; SubscriptionT = rclcpp::Subscription<trajectory_msgs::msg::JointTrajectory_<std::allocator<void> >, std::allocator<void>, trajectory_msgs::msg::JointTrajectory_<std::allocator<void> >, trajectory_msgs::msg::JointTrajectory_<std::allocator<void> >, rclcpp::message_memory_strategy::MessageMemoryStrategy<trajectory_msgs::msg::JointTrajectory_<std::allocator<void> >, std::allocator<void> > >; MessageMemoryStrategyT = rclcpp::message_memory_strategy::MessageMemoryStrategy<trajectory_msgs::msg::JointTrajectory_<std::allocator<void> >, std::allocator<void> >; NodeT = rclcpp::Node; std::string = std::__cxx11::basic_string<char>; typename MessageMemoryStrategyT::SharedPtr = std::shared_ptr<rclcpp::message_memory_strategy::MessageMemoryStrategy<trajectory_msgs::msg::JointTrajectory_<std::allocator<void> >, std::allocator<void> > >][m[Kâ€™
[1.526s] [01m[K/opt/ros/humble/include/rclcpp/rclcpp/node_impl.hpp:99:47:[m[K   required from â€˜[01m[Kstd::shared_ptr<ROSMessageT> rclcpp::Node::create_subscription(const string&, const rclcpp::QoS&, CallbackT&&, const rclcpp::SubscriptionOptionsWithAllocator<AllocatorT>&, typename MessageMemoryStrategyT::SharedPtr) [with MessageT = trajectory_msgs::msg::JointTrajectory_<std::allocator<void> >; CallbackT = std::_Bind<void (PubControl::*(PubControl*))(...)>; AllocatorT = std::allocator<void>; SubscriptionT = rclcpp::Subscription<trajectory_msgs::msg::JointTrajectory_<std::allocator<void> >, std::allocator<void>, trajectory_msgs::msg::JointTrajectory_<std::allocator<void> >, trajectory_msgs::msg::JointTrajectory_<std::allocator<void> >, rclcpp::message_memory_strategy::MessageMemoryStrategy<trajectory_msgs::msg::JointTrajectory_<std::allocator<void> >, std::allocator<void> > >; MessageMemoryStrategyT = rclcpp::message_memory_strategy::MessageMemoryStrategy<trajectory_msgs::msg::JointTrajectory_<std::allocator<void> >, std::allocator<void> >; std::string = std::__cxx11::basic_string<char>; typename MessageMemoryStrategyT::SharedPtr = std::shared_ptr<rclcpp::message_memory_strategy::MessageMemoryStrategy<trajectory_msgs::msg::JointTrajectory_<std::allocator<void> >, std::allocator<void> > >][m[Kâ€™
[1.526s] [01m[K/home/hibiki/Robomech_HR/Eglantyne/simulation/src/simple_sim/src/controller/pub_control.cpp:22:88:[m[K   required from here
[1.526s] [01m[K/opt/ros/humble/include/rclcpp/rclcpp/function_traits.hpp:51:9:[m[K [01;31m[Kerror: [m[Kâ€˜[01m[Kdecltype[m[Kâ€™ cannot resolve address of overloaded function
[1.526s]    51 |   using [01;31m[Karguments[m[K = typename tuple_tail<
[1.526s]       |         [01;31m[K^~~~~~~~~[m[K
[1.526s] [01m[K/opt/ros/humble/include/rclcpp/rclcpp/function_traits.hpp:57:9:[m[K [01;31m[Kerror: [m[Kâ€˜[01m[Kdecltype[m[Kâ€™ cannot resolve address of overloaded function
[1.526s]    57 |   using [01;31m[Kargument_type[m[K = typename std::tuple_element<N, arguments>::type;
[1.526s]       |         [01;31m[K^~~~~~~~~~~~~[m[K
[1.526s] [01m[K/opt/ros/humble/include/rclcpp/rclcpp/function_traits.hpp:59:9:[m[K [01;31m[Kerror: [m[Kâ€˜[01m[Kdecltype[m[Kâ€™ cannot resolve address of overloaded function
[1.526s]    59 |   using [01;31m[Kreturn_type[m[K = typename function_traits<decltype( &FunctionT::operator())>::return_type;
[1.526s]       |         [01;31m[K^~~~~~~~~~~[m[K
[1.653s] In file included from [01m[K/usr/include/x86_64-linux-gnu/c++/11/bits/c++allocator.h:33[m[K,
[1.653s]                  from [01m[K/usr/include/c++/11/bits/allocator.h:46[m[K,
[1.653s]                  from [01m[K/usr/include/c++/11/unordered_map:40[m[K,
[1.653s]                  from [01m[K/usr/include/c++/11/functional:61[m[K,
[1.653s]                  from [01m[K/home/hibiki/Robomech_HR/Eglantyne/simulation/src/simple_sim/src/controller/pub_control.cpp:2[m[K:
[1.654s] /usr/include/c++/11/ext/new_allocator.h: In instantiation of â€˜[01m[Kvoid __gnu_cxx::new_allocator<_Tp>::construct(_Up*, _Args&& ...) [with _Up = PubControl; _Args = {}; _Tp = PubControl][m[Kâ€™:
[1.654s] [01m[K/usr/include/c++/11/bits/alloc_traits.h:516:17:[m[K   required from â€˜[01m[Kstatic void std::allocator_traits<std::allocator<_Tp1> >::construct(std::allocator_traits<std::allocator<_Tp1> >::allocator_type&, _Up*, _Args&& ...) [with _Up = PubControl; _Args = {}; _Tp = PubControl; std::allocator_traits<std::allocator<_Tp1> >::allocator_type = std::allocator<PubControl>][m[Kâ€™
[1.654s] [01m[K/usr/include/c++/11/bits/shared_ptr_base.h:519:39:[m[K   required from â€˜[01m[Kstd::_Sp_counted_ptr_inplace<_Tp, _Alloc, _Lp>::_Sp_counted_ptr_inplace(_Alloc, _Args&& ...) [with _Args = {}; _Tp = PubControl; _Alloc = std::allocator<PubControl>; __gnu_cxx::_Lock_policy _Lp = __gnu_cxx::_S_atomic][m[Kâ€™
[1.654s] [01m[K/usr/include/c++/11/bits/shared_ptr_base.h:650:16:[m[K   required from â€˜[01m[Kstd::__shared_count<_Lp>::__shared_count(_Tp*&, std::_Sp_alloc_shared_tag<_Alloc>, _Args&& ...) [with _Tp = PubControl; _Alloc = std::allocator<PubControl>; _Args = {}; __gnu_cxx::_Lock_policy _Lp = __gnu_cxx::_S_atomic][m[Kâ€™
[1.654s] [01m[K/usr/include/c++/11/bits/shared_ptr_base.h:1342:14:[m[K   required from â€˜[01m[Kstd::__shared_ptr<_Tp, _Lp>::__shared_ptr(std::_Sp_alloc_shared_tag<_Tp>, _Args&& ...) [with _Alloc = std::allocator<PubControl>; _Args = {}; _Tp = PubControl; __gnu_cxx::_Lock_policy _Lp = __gnu_cxx::_S_atomic][m[Kâ€™
[1.654s] [01m[K/usr/include/c++/11/bits/shared_ptr.h:409:59:[m[K   required from â€˜[01m[Kstd::shared_ptr<_Tp>::shared_ptr(std::_Sp_alloc_shared_tag<_Tp>, _Args&& ...) [with _Alloc = std::allocator<PubControl>; _Args = {}; _Tp = PubControl][m[Kâ€™
[1.654s] [01m[K/usr/include/c++/11/bits/shared_ptr.h:862:14:[m[K   required from â€˜[01m[Kstd::shared_ptr<_Tp> std::allocate_shared(const _Alloc&, _Args&& ...) [with _Tp = PubControl; _Alloc = std::allocator<PubControl>; _Args = {}][m[Kâ€™
[1.654s] [01m[K/usr/include/c++/11/bits/shared_ptr.h:878:39:[m[K   required from â€˜[01m[Kstd::shared_ptr<_Tp> std::make_shared(_Args&& ...) [with _Tp = PubControl; _Args = {}][m[Kâ€™
[1.654s] [01m[K/home/hibiki/Robomech_HR/Eglantyne/simulation/src/simple_sim/src/controller/pub_control.cpp:61:46:[m[K   required from here
[1.654s] [01m[K/usr/include/c++/11/ext/new_allocator.h:162:11:[m[K [01;31m[Kerror: [m[Kuse of deleted function â€˜[01m[KPubControl::PubControl()[m[Kâ€™
[1.654s]   162 |         { [01;31m[K::new((void *)__p) _Up(std::forward<_Args>(__args)...)[m[K; }
[1.654s]       |           [01;31m[K^~~~~~~~~~~~~~~~~~~~~~~~~~~~~~~~~~~~~~~~~~~~~~~~~~~~~~[m[K
[1.654s] [01m[K/home/hibiki/Robomech_HR/Eglantyne/simulation/src/simple_sim/src/controller/pub_control.cpp:12:7:[m[K [01;36m[Knote: [m[Kâ€˜[01m[KPubControl::PubControl()[m[Kâ€™ is implicitly deleted because the default definition would be ill-formed:
[1.654s]    12 | class [01;36m[KPubControl[m[K : public rclcpp::Node
[1.654s]       |       [01;36m[K^~~~~~~~~~[m[K
[1.654s] [01m[K/home/hibiki/Robomech_HR/Eglantyne/simulation/src/simple_sim/src/controller/pub_control.cpp:12:7:[m[K [01;31m[Kerror: [m[Kno matching function for call to â€˜[01m[Krclcpp::Node::Node()[m[Kâ€™
[1.654s] In file included from [01m[K/opt/ros/humble/include/rclcpp/rclcpp/executors/single_threaded_executor.hpp:28[m[K,
[1.654s]                  from [01m[K/opt/ros/humble/include/rclcpp/rclcpp/executors.hpp:22[m[K,
[1.655s]                  from [01m[K/opt/ros/humble/include/rclcpp/rclcpp/rclcpp.hpp:155[m[K,
[1.655s]                  from [01m[K/home/hibiki/Robomech_HR/Eglantyne/simulation/src/simple_sim/src/controller/pub_control.cpp:6[m[K:
[1.655s] [01m[K/opt/ros/humble/include/rclcpp/rclcpp/node.hpp:1294:3:[m[K [01;36m[Knote: [m[Kcandidate: â€˜[01m[Krclcpp::Node::Node(const rclcpp::Node&, const string&)[m[Kâ€™
[1.655s]  1294 |   [01;36m[KNode[m[K(
[1.655s]       |   [01;36m[K^~~~[m[K
[1.655s] [01m[K/opt/ros/humble/include/rclcpp/rclcpp/node.hpp:1294:3:[m[K [01;36m[Knote: [m[K  candidate expects 2 arguments, 0 provided
[1.655s] [01m[K/opt/ros/humble/include/rclcpp/rclcpp/node.hpp:101:12:[m[K [01;36m[Knote: [m[Kcandidate: â€˜[01m[Krclcpp::Node::Node(const string&, const string&, const rclcpp::NodeOptions&)[m[Kâ€™
[1.655s]   101 |   explicit [01;36m[KNode[m[K(
[1.655s]       |            [01;36m[K^~~~[m[K
[1.655s] [01m[K/opt/ros/humble/include/rclcpp/rclcpp/node.hpp:101:12:[m[K [01;36m[Knote: [m[K  candidate expects 3 arguments, 0 provided
[1.655s] [01m[K/opt/ros/humble/include/rclcpp/rclcpp/node.hpp:89:12:[m[K [01;36m[Knote: [m[Kcandidate: â€˜[01m[Krclcpp::Node::Node(const string&, const rclcpp::NodeOptions&)[m[Kâ€™
[1.655s]    89 |   explicit [01;36m[KNode[m[K(
[1.655s]       |            [01;36m[K^~~~[m[K
[1.655s] [01m[K/opt/ros/humble/include/rclcpp/rclcpp/node.hpp:89:12:[m[K [01;36m[Knote: [m[K  candidate expects 2 arguments, 0 provided
[2.464s] gmake[2]: *** [CMakeFiles/pub_control.dir/build.make:76: CMakeFiles/pub_control.dir/src/controller/pub_control.cpp.o] Error 1
[2.464s] gmake[1]: *** [CMakeFiles/Makefile2:620: CMakeFiles/pub_control.dir/all] Error 2
[2.465s] gmake: *** [Makefile:146: all] Error 2
[2.467s] Invoked command in '/home/hibiki/Robomech_HR/Eglantyne/simulation/build/simple_sim' returned '2': CMAKE_PREFIX_PATH=${CMAKE_PREFIX_PATH}:/home/hibiki/Robomech_HR/Eglantyne/simulation/install/ros2_control_demo_testing:/opt/ros/humble /usr/bin/cmake --build /home/hibiki/Robomech_HR/Eglantyne/simulation/build/simple_sim -- -j16 -l16
