[01m[K/home/hibiki/Robomech_HR/Eglantyne/simulation/src/simple_sim/src/controller/pub_control.cpp:[m[K In member function â€˜[01m[Kvoid PubControl::timer_callback()[m[Kâ€™:
[01m[K/home/hibiki/Robomech_HR/Eglantyne/simulation/src/simple_sim/src/controller/pub_control.cpp:33:13:[m[K [01;31m[Kerror: [m[Kâ€˜[01m[Kpos[m[Kâ€™ was not declared in this scope; did you mean â€˜[01m[Kpow[m[Kâ€™?
   33 |             [01;31m[Kpos[m[K = order.front();
      |             [01;31m[K^~~[m[K
      |             [32m[Kpow[m[K
[01m[K/home/hibiki/Robomech_HR/Eglantyne/simulation/src/simple_sim/src/controller/pub_control.cpp:[m[K In member function â€˜[01m[Kvoid PubControl::update_motions(const JointTrajectory&) const[m[Kâ€™:
[01m[K/home/hibiki/Robomech_HR/Eglantyne/simulation/src/simple_sim/src/controller/pub_control.cpp:45:35:[m[K [01;31m[Kerror: [m[Kâ€˜[01m[Kmotion_list[m[Kâ€™ was not declared in this scope; did you mean â€˜[01m[Kmosion_list[m[Kâ€™?
   45 |         order.insert(order.end(), [01;31m[Kmotion_list[m[K.begin(), motion_list.end());
      |                                   [01;31m[K^~~~~~~~~~~[m[K
      |                                   [32m[Kmosion_list[m[K
gmake[2]: *** [CMakeFiles/pub_control.dir/build.make:76: CMakeFiles/pub_control.dir/src/controller/pub_control.cpp.o] Error 1
gmake[1]: *** [CMakeFiles/Makefile2:620: CMakeFiles/pub_control.dir/all] Error 2
gmake: *** [Makefile:146: all] Error 2
