[0.009s] Invoking command in '/home/hibiki/Robomech_HR/Eglantyne/simulation/build/simple_sim': CMAKE_PREFIX_PATH=${CMAKE_PREFIX_PATH}:/home/hibiki/Robomech_HR/Eglantyne/simulation/install/ros2_control_demo_testing:/opt/ros/humble /usr/bin/cmake --build /home/hibiki/Robomech_HR/Eglantyne/simulation/build/simple_sim -- -j16 -l16
[0.035s] [  2%] Built target simple_sim__cpp
[0.035s] [ 11%] Built target simple_sim__rosidl_generator_c
[0.040s] [ 17%] Built target pub_test
[0.040s] [ 20%] [32mBuilding CXX object CMakeFiles/pub_control.dir/src/controller/pub_control.cpp.o[0m
[0.042s] [ 20%] Built target ament_cmake_python_copy_simple_sim
[0.051s] [ 28%] Built target simple_sim__rosidl_typesupport_c
[0.053s] [ 37%] Built target simple_sim__rosidl_typesupport_cpp
[0.054s] [ 48%] Built target simple_sim__rosidl_typesupport_introspection_c
[0.054s] [ 54%] Built target simple_sim__rosidl_typesupport_introspection_cpp
[0.058s] [ 71%] Built target simple_sim__rosidl_typesupport_fastrtps_cpp
[0.058s] [ 71%] Built target simple_sim__rosidl_typesupport_fastrtps_c
[0.068s] [ 71%] Built target simple_sim
[0.078s] [ 74%] Built target simple_sim__py
[0.090s] [ 80%] Built target simple_sim__rosidl_generator_py
[0.102s] [ 94%] Built target simple_sim__rosidl_typesupport_fastrtps_c__pyext
[0.102s] [ 94%] Built target simple_sim__rosidl_typesupport_introspection_c__pyext
[0.102s] [ 97%] Built target simple_sim__rosidl_typesupport_c__pyext
[0.159s] running egg_info
[0.165s] writing simple_sim.egg-info/PKG-INFO
[0.165s] writing dependency_links to simple_sim.egg-info/dependency_links.txt
[0.165s] writing top-level names to simple_sim.egg-info/top_level.txt
[0.183s] reading manifest file 'simple_sim.egg-info/SOURCES.txt'
[0.183s] writing manifest file 'simple_sim.egg-info/SOURCES.txt'
[0.199s] [ 97%] Built target ament_cmake_python_build_simple_sim_egg
[1.254s] [01m[K/home/hibiki/Robomech_HR/Eglantyne/simulation/src/simple_sim/src/controller/pub_control.cpp:[m[K In member function â€˜[01m[Kvoid PubControl::timer_callback()[m[Kâ€™:
[1.254s] [01m[K/home/hibiki/Robomech_HR/Eglantyne/simulation/src/simple_sim/src/controller/pub_control.cpp:33:13:[m[K [01;31m[Kerror: [m[Kâ€˜[01m[Kpos[m[Kâ€™ was not declared in this scope; did you mean â€˜[01m[Kpow[m[Kâ€™?
[1.254s]    33 |             [01;31m[Kpos[m[K = order.front();
[1.255s]       |             [01;31m[K^~~[m[K
[1.255s]       |             [32m[Kpow[m[K
[1.258s] [01m[K/home/hibiki/Robomech_HR/Eglantyne/simulation/src/simple_sim/src/controller/pub_control.cpp:[m[K In member function â€˜[01m[Kvoid PubControl::update_motions(const JointTrajectory&) const[m[Kâ€™:
[1.258s] [01m[K/home/hibiki/Robomech_HR/Eglantyne/simulation/src/simple_sim/src/controller/pub_control.cpp:45:35:[m[K [01;31m[Kerror: [m[Kâ€˜[01m[Kmotion_list[m[Kâ€™ was not declared in this scope; did you mean â€˜[01m[Kmosion_list[m[Kâ€™?
[1.258s]    45 |         order.insert(order.end(), [01;31m[Kmotion_list[m[K.begin(), motion_list.end());
[1.258s]       |                                   [01;31m[K^~~~~~~~~~~[m[K
[1.258s]       |                                   [32m[Kmosion_list[m[K
[2.556s] gmake[2]: *** [CMakeFiles/pub_control.dir/build.make:76: CMakeFiles/pub_control.dir/src/controller/pub_control.cpp.o] Error 1
[2.556s] gmake[1]: *** [CMakeFiles/Makefile2:620: CMakeFiles/pub_control.dir/all] Error 2
[2.556s] gmake: *** [Makefile:146: all] Error 2
[2.558s] Invoked command in '/home/hibiki/Robomech_HR/Eglantyne/simulation/build/simple_sim' returned '2': CMAKE_PREFIX_PATH=${CMAKE_PREFIX_PATH}:/home/hibiki/Robomech_HR/Eglantyne/simulation/install/ros2_control_demo_testing:/opt/ros/humble /usr/bin/cmake --build /home/hibiki/Robomech_HR/Eglantyne/simulation/build/simple_sim -- -j16 -l16
