[01m[K/home/hibiki/Robomech_HR/Eglantyne/simulation/src/simple_sim/src/test/pub_test.cpp:[m[K In member function â€˜[01m[Kvoid PubTest::timer_callback()[m[Kâ€™:
[01m[K/home/hibiki/Robomech_HR/Eglantyne/simulation/src/simple_sim/src/test/pub_test.cpp:38:14:[m[K [01;31m[Kerror: [m[Kâ€˜[01m[Kusing JointTrajectoryPoint = struct trajectory_msgs::msg::JointTrajectoryPoint_<std::allocator<void> >[m[Kâ€™ {aka â€˜[01m[Kstruct trajectory_msgs::msg::JointTrajectoryPoint_<std::allocator<void> >[m[Kâ€™} has no member named â€˜[01m[Kposition[m[Kâ€™; did you mean â€˜[01m[Kpositions[m[Kâ€™?
   38 |         pos2.[01;31m[Kposition[m[K.resize(joint_names.size());
      |              [01;31m[K^~~~~~~~[m[K
      |              [32m[Kpositions[m[K
[01m[K/home/hibiki/Robomech_HR/Eglantyne/simulation/src/simple_sim/src/test/pub_test.cpp:39:14:[m[K [01;31m[Kerror: [m[Kâ€˜[01m[Kusing JointTrajectoryPoint = struct trajectory_msgs::msg::JointTrajectoryPoint_<std::allocator<void> >[m[Kâ€™ {aka â€˜[01m[Kstruct trajectory_msgs::msg::JointTrajectoryPoint_<std::allocator<void> >[m[Kâ€™} has no member named â€˜[01m[Kposition[m[Kâ€™; did you mean â€˜[01m[Kpositions[m[Kâ€™?
   39 |         pos2.[01;31m[Kposition[m[K = {0.0, 0.0, 0.0,
      |              [01;31m[K^~~~~~~~[m[K
      |              [32m[Kpositions[m[K
gmake[2]: *** [CMakeFiles/pub_test.dir/build.make:76: CMakeFiles/pub_test.dir/src/test/pub_test.cpp.o] Error 1
gmake[1]: *** [CMakeFiles/Makefile2:137: CMakeFiles/pub_test.dir/all] Error 2
gmake: *** [Makefile:146: all] Error 2
