[0.201s] Invoking command in '/home/hibiki/Robomech_HR/Eglantyne/simulation/build/simple_sim': CMAKE_PREFIX_PATH=${CMAKE_PREFIX_PATH}:/home/hibiki/Robomech_HR/Eglantyne/simulation/install/ros2_control_demo_testing:/opt/ros/humble /usr/bin/cmake --build /home/hibiki/Robomech_HR/Eglantyne/simulation/build/simple_sim -- -j16 -l16
[0.313s] [ 50%] [32mBuilding CXX object CMakeFiles/pub_test.dir/src/test/pub_test.cpp.o[0m
[3.194s] [01m[K/home/hibiki/Robomech_HR/Eglantyne/simulation/src/simple_sim/src/test/pub_test.cpp:[m[K In member function â€˜[01m[Kvoid PubTest::timer_callback()[m[Kâ€™:
[3.194s] [01m[K/home/hibiki/Robomech_HR/Eglantyne/simulation/src/simple_sim/src/test/pub_test.cpp:38:14:[m[K [01;31m[Kerror: [m[Kâ€˜[01m[Kusing JointTrajectoryPoint = struct trajectory_msgs::msg::JointTrajectoryPoint_<std::allocator<void> >[m[Kâ€™ {aka â€˜[01m[Kstruct trajectory_msgs::msg::JointTrajectoryPoint_<std::allocator<void> >[m[Kâ€™} has no member named â€˜[01m[Kposition[m[Kâ€™; did you mean â€˜[01m[Kpositions[m[Kâ€™?
[3.194s]    38 |         pos2.[01;31m[Kposition[m[K.resize(joint_names.size());
[3.194s]       |              [01;31m[K^~~~~~~~[m[K
[3.194s]       |              [32m[Kpositions[m[K
[3.194s] [01m[K/home/hibiki/Robomech_HR/Eglantyne/simulation/src/simple_sim/src/test/pub_test.cpp:39:14:[m[K [01;31m[Kerror: [m[Kâ€˜[01m[Kusing JointTrajectoryPoint = struct trajectory_msgs::msg::JointTrajectoryPoint_<std::allocator<void> >[m[Kâ€™ {aka â€˜[01m[Kstruct trajectory_msgs::msg::JointTrajectoryPoint_<std::allocator<void> >[m[Kâ€™} has no member named â€˜[01m[Kposition[m[Kâ€™; did you mean â€˜[01m[Kpositions[m[Kâ€™?
[3.194s]    39 |         pos2.[01;31m[Kposition[m[K = {0.0, 0.0, 0.0,
[3.194s]       |              [01;31m[K^~~~~~~~[m[K
[3.194s]       |              [32m[Kpositions[m[K
[3.868s] gmake[2]: *** [CMakeFiles/pub_test.dir/build.make:76: CMakeFiles/pub_test.dir/src/test/pub_test.cpp.o] Error 1
[3.869s] gmake[1]: *** [CMakeFiles/Makefile2:137: CMakeFiles/pub_test.dir/all] Error 2
[3.869s] gmake: *** [Makefile:146: all] Error 2
[3.873s] Invoked command in '/home/hibiki/Robomech_HR/Eglantyne/simulation/build/simple_sim' returned '2': CMAKE_PREFIX_PATH=${CMAKE_PREFIX_PATH}:/home/hibiki/Robomech_HR/Eglantyne/simulation/install/ros2_control_demo_testing:/opt/ros/humble /usr/bin/cmake --build /home/hibiki/Robomech_HR/Eglantyne/simulation/build/simple_sim -- -j16 -l16
