[0.008s] Invoking command in '/home/hibiki/Robomech_HR/Eglantyne/simulation/build/simple_sim': CMAKE_PREFIX_PATH=${CMAKE_PREFIX_PATH}:/home/hibiki/Robomech_HR/Eglantyne/simulation/install/ros2_control_demo_testing:/opt/ros/humble /usr/bin/cmake --build /home/hibiki/Robomech_HR/Eglantyne/simulation/build/simple_sim -- -j16 -l16
[0.038s] [ 66%] Built target pub_test
[0.039s] [ 66%] Built target pub_control
[0.041s] [ 83%] [32mBuilding CXX object CMakeFiles/zero_pub.dir/src/test/zero_pub.cpp.o[0m
[1.244s] [01m[K/home/hibiki/Robomech_HR/Eglantyne/simulation/src/simple_sim/src/test/zero_pub.cpp:[m[K In function â€˜[01m[Kint main(int, char**)[m[Kâ€™:
[1.244s] [01m[K/home/hibiki/Robomech_HR/Eglantyne/simulation/src/simple_sim/src/test/zero_pub.cpp:38:9:[m[K [01;31m[Kerror: [m[Kâ€˜[01m[Kclass std::shared_ptr<rclcpp::Publisher<trajectory_msgs::msg::JointTrajectory_<std::allocator<void> >, std::allocator<void> > >[m[Kâ€™ has no member named â€˜[01m[Kpublish[m[Kâ€™
[1.244s]    38 |     pub.[01;31m[Kpublish[m[K(motion);
[1.244s]       |         [01;31m[K^~~~~~~[m[K
[1.625s] gmake[2]: *** [CMakeFiles/zero_pub.dir/build.make:76: CMakeFiles/zero_pub.dir/src/test/zero_pub.cpp.o] Error 1
[1.625s] gmake[1]: *** [CMakeFiles/Makefile2:167: CMakeFiles/zero_pub.dir/all] Error 2
[1.625s] gmake: *** [Makefile:146: all] Error 2
[1.628s] Invoked command in '/home/hibiki/Robomech_HR/Eglantyne/simulation/build/simple_sim' returned '2': CMAKE_PREFIX_PATH=${CMAKE_PREFIX_PATH}:/home/hibiki/Robomech_HR/Eglantyne/simulation/install/ros2_control_demo_testing:/opt/ros/humble /usr/bin/cmake --build /home/hibiki/Robomech_HR/Eglantyne/simulation/build/simple_sim -- -j16 -l16
