[ 50%] [32mBuilding CXX object CMakeFiles/pub_test.dir/src/test/pub_test.cpp.o[0m
[01m[K/home/hibiki/Robomech_HR/Eglantyne/simulation/src/simple_sim/src/test/pub_test.cpp:[m[K In member function â€˜[01m[Kvoid PubTest::timer_callback()[m[Kâ€™:
[01m[K/home/hibiki/Robomech_HR/Eglantyne/simulation/src/simple_sim/src/test/pub_test.cpp:48:9:[m[K [01;31m[Kerror: [m[Kexpected â€˜[01m[K;[m[Kâ€™ before â€˜[01m[Ktrajectory_msgs[m[Kâ€™
   48 |         [01;31m[Ktrajectory_msgs[m[K::msg::JointTrajectory positions;
      |         [01;31m[K^~~~~~~~~~~~~~~[m[K
[01m[K/home/hibiki/Robomech_HR/Eglantyne/simulation/src/simple_sim/src/test/pub_test.cpp:49:9:[m[K [01;31m[Kerror: [m[Kâ€˜[01m[Kpositions[m[Kâ€™ was not declared in this scope
   49 |         [01;31m[Kpositions[m[K.joint_names = joint_names;
      |         [01;31m[K^~~~~~~~~[m[K
gmake[2]: *** [CMakeFiles/pub_test.dir/build.make:76: CMakeFiles/pub_test.dir/src/test/pub_test.cpp.o] Error 1
gmake[1]: *** [CMakeFiles/Makefile2:137: CMakeFiles/pub_test.dir/all] Error 2
gmake: *** [Makefile:146: all] Error 2
