[0.017s] Invoking command in '/home/hibiki/Robomech_HR/Eglantyne/simulation/build/simple_sim': CMAKE_PREFIX_PATH=${CMAKE_PREFIX_PATH}:/home/hibiki/Robomech_HR/Eglantyne/simulation/install/ros2_control_demo_testing:/opt/ros/humble /usr/bin/cmake --build /home/hibiki/Robomech_HR/Eglantyne/simulation/build/simple_sim -- -j16 -l16
[0.067s] [ 50%] [32mBuilding CXX object CMakeFiles/pub_test.dir/test/pub_test.cpp.o[0m
[1.846s] [01m[K/home/hibiki/Robomech_HR/Eglantyne/simulation/src/simple_sim/test/pub_test.cpp:[m[K In member function â€˜[01m[Kvoid PubTest::timer_callback()[m[Kâ€™:
[1.846s] [01m[K/home/hibiki/Robomech_HR/Eglantyne/simulation/src/simple_sim/test/pub_test.cpp:30:52:[m[K [01;31m[Kerror: [m[Karray size missing in â€˜[01m[Kpos1[m[Kâ€™
[1.846s]    30 |         trajectory_msgs::msg::JointTrajectoryPoint [01;31m[Kpos1[m[K[];
[1.846s]       |                                                    [01;31m[K^~~~[m[K
[1.846s] [01m[K/home/hibiki/Robomech_HR/Eglantyne/simulation/src/simple_sim/test/pub_test.cpp:31:14:[m[K [01;31m[Kerror: [m[Krequest for member â€˜[01m[Kpositions[m[Kâ€™ in â€˜[01m[Kpos1[m[Kâ€™, which is of non-class type â€˜[01m[Ktrajectory_msgs::msg::JointTrajectoryPoint [1][m[Kâ€™ {aka â€˜[01m[Ktrajectory_msgs::msg::JointTrajectoryPoint_<std::allocator<void> > [1][m[Kâ€™}
[1.846s]    31 |         pos1.[01;31m[Kpositions[m[K.resize(joint_names.size());
[1.847s]       |              [01;31m[K^~~~~~~~~[m[K
[1.847s] [01m[K/home/hibiki/Robomech_HR/Eglantyne/simulation/src/simple_sim/test/pub_test.cpp:32:14:[m[K [01;31m[Kerror: [m[Krequest for member â€˜[01m[Kpositions[m[Kâ€™ in â€˜[01m[Kpos1[m[Kâ€™, which is of non-class type â€˜[01m[Ktrajectory_msgs::msg::JointTrajectoryPoint [1][m[Kâ€™ {aka â€˜[01m[Ktrajectory_msgs::msg::JointTrajectoryPoint_<std::allocator<void> > [1][m[Kâ€™}
[1.847s]    32 |         pos1.[01;31m[Kpositions[m[K = {0.0, 0.0, -0.8,
[1.847s]       |              [01;31m[K^~~~~~~~~[m[K
[1.847s] [01m[K/home/hibiki/Robomech_HR/Eglantyne/simulation/src/simple_sim/test/pub_test.cpp:46:28:[m[K [01;31m[Kerror: [m[Kno match for â€˜[01m[Koperator=[m[Kâ€™ (operand types are â€˜[01m[Ktrajectory_msgs::msg::JointTrajectory_<std::allocator<void> >::_points_type[m[Kâ€™ {aka â€˜[01m[Kstd::vector<trajectory_msgs::msg::JointTrajectoryPoint_<std::allocator<void> >, std::allocator<trajectory_msgs::msg::JointTrajectoryPoint_<std::allocator<void> > > >[m[Kâ€™} and â€˜[01m[Ktrajectory_msgs::msg::JointTrajectoryPoint [1][m[Kâ€™ {aka â€˜[01m[Ktrajectory_msgs::msg::JointTrajectoryPoint_<std::allocator<void> > [1][m[Kâ€™})
[1.847s]    46 |         positions.points = [01;31m[Kpos1[m[K;
[1.847s]       |                            [01;31m[K^~~~[m[K
[1.847s] In file included from [01m[K/usr/include/c++/11/vector:72[m[K,
[1.847s]                  from [01m[K/usr/include/c++/11/functional:62[m[K,
[1.847s]                  from [01m[K/home/hibiki/Robomech_HR/Eglantyne/simulation/src/simple_sim/test/pub_test.cpp:2[m[K:
[1.847s] [01m[K/usr/include/c++/11/bits/vector.tcc:198:5:[m[K [01;36m[Knote: [m[Kcandidate: â€˜[01m[Kstd::vector<_Tp, _Alloc>& std::vector<_Tp, _Alloc>::operator=(const std::vector<_Tp, _Alloc>&) [with _Tp = trajectory_msgs::msg::JointTrajectoryPoint_<std::allocator<void> >; _Alloc = std::allocator<trajectory_msgs::msg::JointTrajectoryPoint_<std::allocator<void> > >][m[Kâ€™
[1.847s]   198 |     [01;36m[Kvector<_Tp, _Alloc>[m[K::
[1.847s]       |     [01;36m[K^~~~~~~~~~~~~~~~~~~[m[K
[1.847s] [01m[K/usr/include/c++/11/bits/vector.tcc:199:42:[m[K [01;36m[Knote: [m[K  no known conversion for argument 1 from â€˜[01m[Ktrajectory_msgs::msg::JointTrajectoryPoint [1][m[Kâ€™ {aka â€˜[01m[Ktrajectory_msgs::msg::JointTrajectoryPoint_<std::allocator<void> > [1][m[Kâ€™} to â€˜[01m[Kconst std::vector<trajectory_msgs::msg::JointTrajectoryPoint_<std::allocator<void> >, std::allocator<trajectory_msgs::msg::JointTrajectoryPoint_<std::allocator<void> > > >&[m[Kâ€™
[1.847s]   199 |     operator=([01;36m[Kconst vector<_Tp, _Alloc>& __x[m[K)
[1.847s]       |               [01;36m[K~~~~~~~~~~~~~~~~~~~~~~~~~~~^~~[m[K
[1.847s] In file included from [01m[K/usr/include/c++/11/vector:67[m[K,
[1.847s]                  from [01m[K/usr/include/c++/11/functional:62[m[K,
[1.847s]                  from [01m[K/home/hibiki/Robomech_HR/Eglantyne/simulation/src/simple_sim/test/pub_test.cpp:2[m[K:
[1.847s] [01m[K/usr/include/c++/11/bits/stl_vector.h:709:7:[m[K [01;36m[Knote: [m[Kcandidate: â€˜[01m[Kstd::vector<_Tp, _Alloc>& std::vector<_Tp, _Alloc>::operator=(std::vector<_Tp, _Alloc>&&) [with _Tp = trajectory_msgs::msg::JointTrajectoryPoint_<std::allocator<void> >; _Alloc = std::allocator<trajectory_msgs::msg::JointTrajectoryPoint_<std::allocator<void> > >][m[Kâ€™
[1.847s]   709 |       [01;36m[Koperator[m[K=(vector&& __x) noexcept(_Alloc_traits::_S_nothrow_move())
[1.848s]       |       [01;36m[K^~~~~~~~[m[K
[1.848s] [01m[K/usr/include/c++/11/bits/stl_vector.h:709:26:[m[K [01;36m[Knote: [m[K  no known conversion for argument 1 from â€˜[01m[Ktrajectory_msgs::msg::JointTrajectoryPoint [1][m[Kâ€™ {aka â€˜[01m[Ktrajectory_msgs::msg::JointTrajectoryPoint_<std::allocator<void> > [1][m[Kâ€™} to â€˜[01m[Kstd::vector<trajectory_msgs::msg::JointTrajectoryPoint_<std::allocator<void> >, std::allocator<trajectory_msgs::msg::JointTrajectoryPoint_<std::allocator<void> > > >&&[m[Kâ€™
[1.848s]   709 |       operator=([01;36m[Kvector&& __x[m[K) noexcept(_Alloc_traits::_S_nothrow_move())
[1.848s]       |                 [01;36m[K~~~~~~~~~^~~[m[K
[1.848s] [01m[K/usr/include/c++/11/bits/stl_vector.h:730:7:[m[K [01;36m[Knote: [m[Kcandidate: â€˜[01m[Kstd::vector<_Tp, _Alloc>& std::vector<_Tp, _Alloc>::operator=(std::initializer_list<_Tp>) [with _Tp = trajectory_msgs::msg::JointTrajectoryPoint_<std::allocator<void> >; _Alloc = std::allocator<trajectory_msgs::msg::JointTrajectoryPoint_<std::allocator<void> > >][m[Kâ€™
[1.848s]   730 |       [01;36m[Koperator[m[K=(initializer_list<value_type> __l)
[1.848s]       |       [01;36m[K^~~~~~~~[m[K
[1.848s] [01m[K/usr/include/c++/11/bits/stl_vector.h:730:46:[m[K [01;36m[Knote: [m[K  no known conversion for argument 1 from â€˜[01m[Ktrajectory_msgs::msg::JointTrajectoryPoint [1][m[Kâ€™ {aka â€˜[01m[Ktrajectory_msgs::msg::JointTrajectoryPoint_<std::allocator<void> > [1][m[Kâ€™} to â€˜[01m[Kstd::initializer_list<trajectory_msgs::msg::JointTrajectoryPoint_<std::allocator<void> > >[m[Kâ€™
[1.848s]   730 |       operator=([01;36m[Kinitializer_list<value_type> __l[m[K)
[1.848s]       |                 [01;36m[K~~~~~~~~~~~~~~~~~~~~~~~~~~~~~^~~[m[K
[2.505s] gmake[2]: *** [CMakeFiles/pub_test.dir/build.make:76: CMakeFiles/pub_test.dir/test/pub_test.cpp.o] Error 1
[2.506s] gmake[1]: *** [CMakeFiles/Makefile2:137: CMakeFiles/pub_test.dir/all] Error 2
[2.506s] gmake: *** [Makefile:146: all] Error 2
[2.509s] Invoked command in '/home/hibiki/Robomech_HR/Eglantyne/simulation/build/simple_sim' returned '2': CMAKE_PREFIX_PATH=${CMAKE_PREFIX_PATH}:/home/hibiki/Robomech_HR/Eglantyne/simulation/install/ros2_control_demo_testing:/opt/ros/humble /usr/bin/cmake --build /home/hibiki/Robomech_HR/Eglantyne/simulation/build/simple_sim -- -j16 -l16
