[0.008s] Invoking command in '/home/hibiki/Robomech_HR/Eglantyne/simulation/build/simple_sim': CMAKE_PREFIX_PATH=${CMAKE_PREFIX_PATH}:/home/hibiki/Robomech_HR/Eglantyne/simulation/install/ros2_control_demo_testing:/opt/ros/humble /usr/bin/cmake --build /home/hibiki/Robomech_HR/Eglantyne/simulation/build/simple_sim -- -j16 -l16
[0.034s] [  8%] Built target simple_sim__rosidl_generator_c
[0.034s] [ 11%] Built target simple_sim__cpp
[0.037s] [ 11%] Built target ament_cmake_python_copy_simple_sim
[0.038s] [ 14%] [32mBuilding CXX object CMakeFiles/pub_control.dir/src/controller/pub_control.cpp.o[0m
[0.038s] [ 20%] Built target pub_test
[0.048s] [ 28%] Built target simple_sim__rosidl_typesupport_introspection_c
[0.049s] [ 37%] Built target simple_sim__rosidl_typesupport_introspection_cpp
[0.051s] [ 45%] Built target simple_sim__rosidl_typesupport_cpp
[0.051s] [ 54%] Built target simple_sim__rosidl_typesupport_c
[0.054s] [ 62%] Built target simple_sim__rosidl_typesupport_fastrtps_c
[0.056s] [ 71%] Built target simple_sim__rosidl_typesupport_fastrtps_cpp
[0.066s] [ 71%] Built target simple_sim
[0.077s] [ 74%] Built target simple_sim__py
[0.089s] [ 80%] Built target simple_sim__rosidl_generator_py
[0.101s] [ 85%] Built target simple_sim__rosidl_typesupport_introspection_c__pyext
[0.102s] [ 91%] Built target simple_sim__rosidl_typesupport_fastrtps_c__pyext
[0.102s] [ 97%] Built target simple_sim__rosidl_typesupport_c__pyext
[0.160s] running egg_info
[0.166s] writing simple_sim.egg-info/PKG-INFO
[0.167s] writing dependency_links to simple_sim.egg-info/dependency_links.txt
[0.167s] writing top-level names to simple_sim.egg-info/top_level.txt
[0.185s] reading manifest file 'simple_sim.egg-info/SOURCES.txt'
[0.186s] writing manifest file 'simple_sim.egg-info/SOURCES.txt'
[0.202s] [ 97%] Built target ament_cmake_python_build_simple_sim_egg
[1.279s] [01m[K/home/hibiki/Robomech_HR/Eglantyne/simulation/src/simple_sim/src/controller/pub_control.cpp:[m[K In member function â€˜[01m[Kvoid PubControl::update_motions(const JointTrajectory&) const[m[Kâ€™:
[1.279s] [01m[K/home/hibiki/Robomech_HR/Eglantyne/simulation/src/simple_sim/src/controller/pub_control.cpp:46:35:[m[K [01;31m[Kerror: [m[Kâ€˜[01m[Kmotion_list[m[Kâ€™ was not declared in this scope; did you mean â€˜[01m[Kmosion_list[m[Kâ€™?
[1.279s]    46 |         order.insert(order.end(), [01;31m[Kmotion_list[m[K.begin(), motion_list.end());
[1.279s]       |                                   [01;31m[K^~~~~~~~~~~[m[K
[1.279s]       |                                   [32m[Kmosion_list[m[K
[2.573s] gmake[2]: *** [CMakeFiles/pub_control.dir/build.make:76: CMakeFiles/pub_control.dir/src/controller/pub_control.cpp.o] Error 1
[2.573s] gmake[1]: *** [CMakeFiles/Makefile2:620: CMakeFiles/pub_control.dir/all] Error 2
[2.574s] gmake: *** [Makefile:146: all] Error 2
[2.576s] Invoked command in '/home/hibiki/Robomech_HR/Eglantyne/simulation/build/simple_sim' returned '2': CMAKE_PREFIX_PATH=${CMAKE_PREFIX_PATH}:/home/hibiki/Robomech_HR/Eglantyne/simulation/install/ros2_control_demo_testing:/opt/ros/humble /usr/bin/cmake --build /home/hibiki/Robomech_HR/Eglantyne/simulation/build/simple_sim -- -j16 -l16
