[0.016s] Invoking command in '/home/hibiki/Robomech_HR/Eglantyne/simulation/build/simple_sim': CMAKE_PREFIX_PATH=${CMAKE_PREFIX_PATH}:/home/hibiki/Robomech_HR/Eglantyne/simulation/install/ros2_control_demo_testing:/opt/ros/humble /usr/bin/cmake --build /home/hibiki/Robomech_HR/Eglantyne/simulation/build/simple_sim -- -j16 -l16
[0.062s] [ 50%] [32mBuilding CXX object CMakeFiles/pub_test.dir/test/pub_test.cpp.o[0m
[1.831s] [01m[K/home/hibiki/Robomech_HR/Eglantyne/simulation/src/simple_sim/test/pub_test.cpp:[m[K In member function â€˜[01m[Kvoid PubTest::timer_callback()[m[Kâ€™:
[1.831s] [01m[K/home/hibiki/Robomech_HR/Eglantyne/simulation/src/simple_sim/test/pub_test.cpp:46:26:[m[K [01;31m[Kerror: [m[Kâ€˜[01m[Kusing _points_type = class std::vector<trajectory_msgs::msg::JointTrajectoryPoint_<std::allocator<void> >, std::allocator<trajectory_msgs::msg::JointTrajectoryPoint_<std::allocator<void> > > >[m[Kâ€™ {aka â€˜[01m[Kclass std::vector<trajectory_msgs::msg::JointTrajectoryPoint_<std::allocator<void> >, std::allocator<trajectory_msgs::msg::JointTrajectoryPoint_<std::allocator<void> > > >[m[Kâ€™} has no member named â€˜[01m[Kpositions[m[Kâ€™
[1.831s]    46 |         positions.points.[01;31m[Kpositions[m[K = {0.0, 0.0, 0.0,
[1.831s]       |                          [01;31m[K^~~~~~~~~[m[K
[2.495s] gmake[2]: *** [CMakeFiles/pub_test.dir/build.make:76: CMakeFiles/pub_test.dir/test/pub_test.cpp.o] Error 1
[2.496s] gmake[1]: *** [CMakeFiles/Makefile2:137: CMakeFiles/pub_test.dir/all] Error 2
[2.496s] gmake: *** [Makefile:146: all] Error 2
[2.498s] Invoked command in '/home/hibiki/Robomech_HR/Eglantyne/simulation/build/simple_sim' returned '2': CMAKE_PREFIX_PATH=${CMAKE_PREFIX_PATH}:/home/hibiki/Robomech_HR/Eglantyne/simulation/install/ros2_control_demo_testing:/opt/ros/humble /usr/bin/cmake --build /home/hibiki/Robomech_HR/Eglantyne/simulation/build/simple_sim -- -j16 -l16
