[0.016s] Invoking command in '/home/hibiki/Robomech_HR/Eglantyne/simulation/build/simple_sim': /usr/bin/cmake --build /home/hibiki/Robomech_HR/Eglantyne/simulation/build/simple_sim -- -j16 -l16
[0.040s] -- Found ament_cmake: 1.3.10 (/opt/ros/humble/share/ament_cmake/cmake)
[0.117s] -- Found control_msgs: 4.6.0 (/opt/ros/humble/share/control_msgs/cmake)
[0.143s] -- Found rosidl_generator_c: 3.1.5 (/opt/ros/humble/share/rosidl_generator_c/cmake)
[0.147s] -- Found rosidl_adapter: 3.1.5 (/opt/ros/humble/share/rosidl_adapter/cmake)
[0.152s] -- Found rosidl_generator_cpp: 3.1.5 (/opt/ros/humble/share/rosidl_generator_cpp/cmake)
[0.161s] -- Using all available rosidl_typesupport_c: rosidl_typesupport_fastrtps_c;rosidl_typesupport_introspection_c
[0.172s] -- Using all available rosidl_typesupport_cpp: rosidl_typesupport_fastrtps_cpp;rosidl_typesupport_introspection_cpp
[0.269s] -- Found rclcpp: 16.0.10 (/opt/ros/humble/share/rclcpp/cmake)
[0.290s] -- Found rmw_implementation_cmake: 6.1.2 (/opt/ros/humble/share/rmw_implementation_cmake/cmake)
[0.292s] -- Found rmw_fastrtps_cpp: 6.2.7 (/opt/ros/humble/share/rmw_fastrtps_cpp/cmake)
[0.399s] -- Using RMW implementation 'rmw_fastrtps_cpp' as default
[0.430s] -- Found rclcpp_action: 16.0.10 (/opt/ros/humble/share/rclcpp_action/cmake)
[0.437s] -- Found ament_lint_auto: 0.12.11 (/opt/ros/humble/share/ament_lint_auto/cmake)
[0.497s] Error parsing '/home/hibiki/Robomech_HR/Eglantyne/simulation/src/simple_sim/package.xml':
[0.497s] Traceback (most recent call last):
[0.497s]   File "/opt/ros/humble/share/ament_cmake_core/cmake/core/package_xml_2_cmake.py", line 150, in <module>
[0.497s]     main()
[0.497s]   File "/opt/ros/humble/share/ament_cmake_core/cmake/core/package_xml_2_cmake.py", line 53, in main
[0.497s]     raise e
[0.497s]   File "/opt/ros/humble/share/ament_cmake_core/cmake/core/package_xml_2_cmake.py", line 49, in main
[0.497s]     package = parse_package_string(
[0.497s]   File "/home/hibiki/.espressif/python_env/idf5.4_py3.10_env/lib/python3.10/site-packages/catkin_pkg/package.py", line 786, in parse_package_string
[0.497s]     raise InvalidPackage('Error(s):%s' % (''.join(['\n- %s' % e for e in errors])), filename)
[0.497s] catkin_pkg.package.InvalidPackage: Error(s) in package '/home/hibiki/Robomech_HR/Eglantyne/simulation/src/simple_sim/package.xml':
[0.497s] Error(s):
[0.497s] - The generic dependency on 'std_msgs' is redundant with: exec_depend
[0.506s] [31mCMake Error at /opt/ros/humble/share/ament_cmake_core/cmake/core/ament_package_xml.cmake:95 (message):
[0.506s]   
[0.506s]   execute_process(/home/hibiki/.espressif/python_env/idf5.4_py3.10_env/bin/python3
[0.506s]   /opt/ros/humble/share/ament_cmake_core/cmake/core/package_xml_2_cmake.py
[0.506s]   /home/hibiki/Robomech_HR/Eglantyne/simulation/src/simple_sim/package.xml
[0.506s]   /home/hibiki/Robomech_HR/Eglantyne/simulation/build/simple_sim/ament_cmake_core/package.cmake)
[0.506s]   returned error code 1
[0.506s] Call Stack (most recent call first):
[0.506s]   /opt/ros/humble/share/ament_cmake_core/cmake/core/ament_package_xml.cmake:49 (_ament_package_xml)
[0.506s]   /opt/ros/humble/share/ament_lint_auto/cmake/ament_lint_auto_find_test_dependencies.cmake:31 (ament_package_xml)
[0.506s]   CMakeLists.txt:26 (ament_lint_auto_find_test_dependencies)
[0.507s] 
[0.507s] [0m
[0.507s] -- Configuring incomplete, errors occurred!
[0.507s] See also "/home/hibiki/Robomech_HR/Eglantyne/simulation/build/simple_sim/CMakeFiles/CMakeOutput.log".
[0.513s] gmake: *** [Makefile:267: cmake_check_build_system] Error 1
[0.515s] Invoked command in '/home/hibiki/Robomech_HR/Eglantyne/simulation/build/simple_sim' returned '2': /usr/bin/cmake --build /home/hibiki/Robomech_HR/Eglantyne/simulation/build/simple_sim -- -j16 -l16
