[  2%] Built target simple_sim__cpp
[ 11%] Built target simple_sim__rosidl_generator_c
[ 14%] [32mBuilding CXX object CMakeFiles/pub_control.dir/src/controller/pub_control.cpp.o[0m
[ 20%] Built target pub_test
[ 20%] Built target ament_cmake_python_copy_simple_sim
[ 28%] Built target simple_sim__rosidl_typesupport_fastrtps_cpp
[ 45%] Built target simple_sim__rosidl_typesupport_introspection_c
[ 45%] Built target simple_sim__rosidl_typesupport_c
[ 54%] Built target simple_sim__rosidl_typesupport_cpp
[ 62%] Built target simple_sim__rosidl_typesupport_introspection_cpp
[ 71%] Built target simple_sim__rosidl_typesupport_fastrtps_c
[ 71%] Built target simple_sim
[ 74%] Built target simple_sim__py
[ 80%] Built target simple_sim__rosidl_generator_py
[ 97%] Built target simple_sim__rosidl_typesupport_fastrtps_c__pyext
[ 97%] Built target simple_sim__rosidl_typesupport_introspection_c__pyext
[ 97%] Built target simple_sim__rosidl_typesupport_c__pyext
running egg_info
writing simple_sim.egg-info/PKG-INFO
writing dependency_links to simple_sim.egg-info/dependency_links.txt
writing top-level names to simple_sim.egg-info/top_level.txt
reading manifest file 'simple_sim.egg-info/SOURCES.txt'
writing manifest file 'simple_sim.egg-info/SOURCES.txt'
[ 97%] Built target ament_cmake_python_build_simple_sim_egg
[01m[K/home/hibiki/Robomech_HR/Eglantyne/simulation/src/simple_sim/src/controller/pub_control.cpp:[m[K In member function â€˜[01m[Kvoid PubControl::update_motions(const JointTrajectory&) const[m[Kâ€™:
[01m[K/home/hibiki/Robomech_HR/Eglantyne/simulation/src/simple_sim/src/controller/pub_control.cpp:47:13:[m[K [01;31m[Kerror: [m[Kâ€˜[01m[Ktrajectpry_msgs[m[Kâ€™ has not been declared
   47 |             [01;31m[Ktrajectpry_msgs[m[K::msg::JointTrajectpryPoint pos = motion
      |             [01;31m[K^~~~~~~~~~~~~~~[m[K
[01m[K/home/hibiki/Robomech_HR/Eglantyne/simulation/src/simple_sim/src/controller/pub_control.cpp:46:25:[m[K [01;35m[Kwarning: [m[Kunused variable â€˜[01m[Kmotion[m[Kâ€™ [[01;35m[K]8;;https://gcc.gnu.org/onlinedocs/gcc/Warning-Options.html#index-Wunused-variable-Wunused-variable]8;;[m[K]
   46 |         for(const auto& [01;35m[Kmotion[m[K : motion_list){
      |                         [01;35m[K^~~~~~[m[K
gmake[2]: *** [CMakeFiles/pub_control.dir/build.make:76: CMakeFiles/pub_control.dir/src/controller/pub_control.cpp.o] Error 1
gmake[1]: *** [CMakeFiles/Makefile2:620: CMakeFiles/pub_control.dir/all] Error 2
gmake: *** [Makefile:146: all] Error 2
