[0.008s] Invoking command in '/home/hibiki/Robomech_HR/Eglantyne/simulation/build/simple_sim': CMAKE_PREFIX_PATH=${CMAKE_PREFIX_PATH}:/home/hibiki/Robomech_HR/Eglantyne/simulation/install/ros2_control_demo_testing:/opt/ros/humble /usr/bin/cmake --build /home/hibiki/Robomech_HR/Eglantyne/simulation/build/simple_sim -- -j16 -l16
[0.036s] [  2%] Built target simple_sim__cpp
[0.037s] [ 11%] Built target simple_sim__rosidl_generator_c
[0.038s] [ 14%] [32mBuilding CXX object CMakeFiles/pub_control.dir/src/controller/pub_control.cpp.o[0m
[0.043s] [ 20%] Built target pub_test
[0.044s] [ 20%] Built target ament_cmake_python_copy_simple_sim
[0.058s] [ 28%] Built target simple_sim__rosidl_typesupport_fastrtps_cpp
[0.058s] [ 45%] Built target simple_sim__rosidl_typesupport_introspection_c
[0.059s] [ 45%] Built target simple_sim__rosidl_typesupport_c
[0.059s] [ 54%] Built target simple_sim__rosidl_typesupport_cpp
[0.060s] [ 62%] Built target simple_sim__rosidl_typesupport_introspection_cpp
[0.062s] [ 71%] Built target simple_sim__rosidl_typesupport_fastrtps_c
[0.072s] [ 71%] Built target simple_sim
[0.083s] [ 74%] Built target simple_sim__py
[0.094s] [ 80%] Built target simple_sim__rosidl_generator_py
[0.106s] [ 97%] Built target simple_sim__rosidl_typesupport_fastrtps_c__pyext
[0.106s] [ 97%] Built target simple_sim__rosidl_typesupport_introspection_c__pyext
[0.106s] [ 97%] Built target simple_sim__rosidl_typesupport_c__pyext
[0.161s] running egg_info
[0.167s] writing simple_sim.egg-info/PKG-INFO
[0.167s] writing dependency_links to simple_sim.egg-info/dependency_links.txt
[0.168s] writing top-level names to simple_sim.egg-info/top_level.txt
[0.185s] reading manifest file 'simple_sim.egg-info/SOURCES.txt'
[0.185s] writing manifest file 'simple_sim.egg-info/SOURCES.txt'
[0.200s] [ 97%] Built target ament_cmake_python_build_simple_sim_egg
[1.270s] [01m[K/home/hibiki/Robomech_HR/Eglantyne/simulation/src/simple_sim/src/controller/pub_control.cpp:[m[K In member function â€˜[01m[Kvoid PubControl::update_motions(const JointTrajectory&) const[m[Kâ€™:
[1.270s] [01m[K/home/hibiki/Robomech_HR/Eglantyne/simulation/src/simple_sim/src/controller/pub_control.cpp:47:13:[m[K [01;31m[Kerror: [m[Kâ€˜[01m[Ktrajectpry_msgs[m[Kâ€™ has not been declared
[1.270s]    47 |             [01;31m[Ktrajectpry_msgs[m[K::msg::JointTrajectpryPoint pos = motion
[1.270s]       |             [01;31m[K^~~~~~~~~~~~~~~[m[K
[1.271s] [01m[K/home/hibiki/Robomech_HR/Eglantyne/simulation/src/simple_sim/src/controller/pub_control.cpp:46:25:[m[K [01;35m[Kwarning: [m[Kunused variable â€˜[01m[Kmotion[m[Kâ€™ [[01;35m[K]8;;https://gcc.gnu.org/onlinedocs/gcc/Warning-Options.html#index-Wunused-variable-Wunused-variable]8;;[m[K]
[1.271s]    46 |         for(const auto& [01;35m[Kmotion[m[K : motion_list){
[1.271s]       |                         [01;35m[K^~~~~~[m[K
[2.589s] gmake[2]: *** [CMakeFiles/pub_control.dir/build.make:76: CMakeFiles/pub_control.dir/src/controller/pub_control.cpp.o] Error 1
[2.589s] gmake[1]: *** [CMakeFiles/Makefile2:620: CMakeFiles/pub_control.dir/all] Error 2
[2.589s] gmake: *** [Makefile:146: all] Error 2
[2.591s] Invoked command in '/home/hibiki/Robomech_HR/Eglantyne/simulation/build/simple_sim' returned '2': CMAKE_PREFIX_PATH=${CMAKE_PREFIX_PATH}:/home/hibiki/Robomech_HR/Eglantyne/simulation/install/ros2_control_demo_testing:/opt/ros/humble /usr/bin/cmake --build /home/hibiki/Robomech_HR/Eglantyne/simulation/build/simple_sim -- -j16 -l16
