[  2%] Built target simple_sim__cpp
[ 11%] Built target simple_sim__rosidl_generator_c
[ 11%] Built target ament_cmake_python_copy_simple_sim
[ 14%] [32mBuilding CXX object CMakeFiles/pub_control.dir/src/controller/pub_control.cpp.o[0m
[ 20%] Built target pub_test
[ 28%] Built target simple_sim__rosidl_typesupport_introspection_cpp
[ 37%] Built target simple_sim__rosidl_typesupport_fastrtps_cpp
[ 45%] Built target simple_sim__rosidl_typesupport_introspection_c
[ 54%] Built target simple_sim__rosidl_typesupport_fastrtps_c
[ 62%] Built target simple_sim__rosidl_typesupport_c
[ 71%] Built target simple_sim__rosidl_typesupport_cpp
[ 71%] Built target simple_sim
[ 74%] Built target simple_sim__py
[ 80%] Built target simple_sim__rosidl_generator_py
[ 97%] Built target simple_sim__rosidl_typesupport_c__pyext
[ 97%] Built target simple_sim__rosidl_typesupport_fastrtps_c__pyext
[ 97%] Built target simple_sim__rosidl_typesupport_introspection_c__pyext
running egg_info
writing simple_sim.egg-info/PKG-INFO
writing dependency_links to simple_sim.egg-info/dependency_links.txt
writing top-level names to simple_sim.egg-info/top_level.txt
reading manifest file 'simple_sim.egg-info/SOURCES.txt'
writing manifest file 'simple_sim.egg-info/SOURCES.txt'
[ 97%] Built target ament_cmake_python_build_simple_sim_egg
[01m[K/home/hibiki/Robomech_HR/Eglantyne/simulation/src/simple_sim/src/controller/pub_control.cpp:[m[K In constructor â€˜[01m[KPubControl::PubControl()[m[Kâ€™:
[01m[K/home/hibiki/Robomech_HR/Eglantyne/simulation/src/simple_sim/src/controller/pub_control.cpp:23:86:[m[K [01;31m[Kerror: [m[Kâ€˜[01m[K_1[m[Kâ€™ was not declared in this scope; did you mean â€˜[01m[Kstd::placeholders::_1[m[Kâ€™?
   23 |             "/motion_list_command", 10, std::bind(&PubControl::update_motions, this, [01;31m[K_1[m[K));
      |                                                                                      [01;31m[K^~[m[K
      |                                                                                      [32m[Kstd::placeholders::_1[m[K
In file included from [01m[K/home/hibiki/Robomech_HR/Eglantyne/simulation/src/simple_sim/src/controller/pub_control.cpp:2[m[K:
[01m[K/usr/include/c++/11/functional:225:34:[m[K [01;36m[Knote: [m[Kâ€˜[01m[Kstd::placeholders::_1[m[Kâ€™ declared here
  225 |     extern const _Placeholder<1> [01;36m[K_1[m[K;
      |                                  [01;36m[K^~[m[K
[01m[K/home/hibiki/Robomech_HR/Eglantyne/simulation/src/simple_sim/src/controller/pub_control.cpp:[m[K In member function â€˜[01m[Kvoid PubControl::timer_callback()[m[Kâ€™:
[01m[K/home/hibiki/Robomech_HR/Eglantyne/simulation/src/simple_sim/src/controller/pub_control.cpp:32:13:[m[K [01;31m[Kerror: [m[Kâ€˜[01m[Kpos[m[Kâ€™ was not declared in this scope; did you mean â€˜[01m[Kpow[m[Kâ€™?
   32 |             [01;31m[Kpos[m[K = order.front();
      |             [01;31m[K^~~[m[K
      |             [32m[Kpow[m[K
[01m[K/home/hibiki/Robomech_HR/Eglantyne/simulation/src/simple_sim/src/controller/pub_control.cpp:[m[K In member function â€˜[01m[Kvoid PubControl::update_motions(const JointTrajectory&) const[m[Kâ€™:
[01m[K/home/hibiki/Robomech_HR/Eglantyne/simulation/src/simple_sim/src/controller/pub_control.cpp:44:35:[m[K [01;31m[Kerror: [m[Kâ€˜[01m[Kmotion_list[m[Kâ€™ was not declared in this scope; did you mean â€˜[01m[Kmosion_list[m[Kâ€™?
   44 |         order.insert(order.end(), [01;31m[Kmotion_list[m[K.begin(), motion_list.end());
      |                                   [01;31m[K^~~~~~~~~~~[m[K
      |                                   [32m[Kmosion_list[m[K
gmake[2]: *** [CMakeFiles/pub_control.dir/build.make:76: CMakeFiles/pub_control.dir/src/controller/pub_control.cpp.o] Error 1
gmake[1]: *** [CMakeFiles/Makefile2:620: CMakeFiles/pub_control.dir/all] Error 2
gmake: *** [Makefile:146: all] Error 2
