[0.009s] Invoking command in '/home/hibiki/Robomech_HR/Eglantyne/simulation/build/simple_sim': CMAKE_PREFIX_PATH=${CMAKE_PREFIX_PATH}:/home/hibiki/Robomech_HR/Eglantyne/simulation/install/ros2_control_demo_testing:/opt/ros/humble /usr/bin/cmake --build /home/hibiki/Robomech_HR/Eglantyne/simulation/build/simple_sim -- -j16 -l16
[0.036s] [  2%] Built target simple_sim__cpp
[0.037s] [ 11%] Built target simple_sim__rosidl_generator_c
[0.039s] [ 11%] Built target ament_cmake_python_copy_simple_sim
[0.040s] [ 14%] [32mBuilding CXX object CMakeFiles/pub_control.dir/src/controller/pub_control.cpp.o[0m
[0.041s] [ 20%] Built target pub_test
[0.051s] [ 28%] Built target simple_sim__rosidl_typesupport_introspection_cpp
[0.054s] [ 37%] Built target simple_sim__rosidl_typesupport_fastrtps_cpp
[0.055s] [ 45%] Built target simple_sim__rosidl_typesupport_introspection_c
[0.055s] [ 54%] Built target simple_sim__rosidl_typesupport_fastrtps_c
[0.056s] [ 62%] Built target simple_sim__rosidl_typesupport_c
[0.056s] [ 71%] Built target simple_sim__rosidl_typesupport_cpp
[0.065s] [ 71%] Built target simple_sim
[0.075s] [ 74%] Built target simple_sim__py
[0.087s] [ 80%] Built target simple_sim__rosidl_generator_py
[0.099s] [ 97%] Built target simple_sim__rosidl_typesupport_c__pyext
[0.100s] [ 97%] Built target simple_sim__rosidl_typesupport_fastrtps_c__pyext
[0.100s] [ 97%] Built target simple_sim__rosidl_typesupport_introspection_c__pyext
[0.157s] running egg_info
[0.163s] writing simple_sim.egg-info/PKG-INFO
[0.163s] writing dependency_links to simple_sim.egg-info/dependency_links.txt
[0.164s] writing top-level names to simple_sim.egg-info/top_level.txt
[0.181s] reading manifest file 'simple_sim.egg-info/SOURCES.txt'
[0.182s] writing manifest file 'simple_sim.egg-info/SOURCES.txt'
[0.197s] [ 97%] Built target ament_cmake_python_build_simple_sim_egg
[1.238s] [01m[K/home/hibiki/Robomech_HR/Eglantyne/simulation/src/simple_sim/src/controller/pub_control.cpp:[m[K In constructor â€˜[01m[KPubControl::PubControl()[m[Kâ€™:
[1.238s] [01m[K/home/hibiki/Robomech_HR/Eglantyne/simulation/src/simple_sim/src/controller/pub_control.cpp:23:86:[m[K [01;31m[Kerror: [m[Kâ€˜[01m[K_1[m[Kâ€™ was not declared in this scope; did you mean â€˜[01m[Kstd::placeholders::_1[m[Kâ€™?
[1.238s]    23 |             "/motion_list_command", 10, std::bind(&PubControl::update_motions, this, [01;31m[K_1[m[K));
[1.238s]       |                                                                                      [01;31m[K^~[m[K
[1.238s]       |                                                                                      [32m[Kstd::placeholders::_1[m[K
[1.238s] In file included from [01m[K/home/hibiki/Robomech_HR/Eglantyne/simulation/src/simple_sim/src/controller/pub_control.cpp:2[m[K:
[1.238s] [01m[K/usr/include/c++/11/functional:225:34:[m[K [01;36m[Knote: [m[Kâ€˜[01m[Kstd::placeholders::_1[m[Kâ€™ declared here
[1.238s]   225 |     extern const _Placeholder<1> [01;36m[K_1[m[K;
[1.238s]       |                                  [01;36m[K^~[m[K
[1.241s] [01m[K/home/hibiki/Robomech_HR/Eglantyne/simulation/src/simple_sim/src/controller/pub_control.cpp:[m[K In member function â€˜[01m[Kvoid PubControl::timer_callback()[m[Kâ€™:
[1.241s] [01m[K/home/hibiki/Robomech_HR/Eglantyne/simulation/src/simple_sim/src/controller/pub_control.cpp:32:13:[m[K [01;31m[Kerror: [m[Kâ€˜[01m[Kpos[m[Kâ€™ was not declared in this scope; did you mean â€˜[01m[Kpow[m[Kâ€™?
[1.241s]    32 |             [01;31m[Kpos[m[K = order.front();
[1.241s]       |             [01;31m[K^~~[m[K
[1.241s]       |             [32m[Kpow[m[K
[1.245s] [01m[K/home/hibiki/Robomech_HR/Eglantyne/simulation/src/simple_sim/src/controller/pub_control.cpp:[m[K In member function â€˜[01m[Kvoid PubControl::update_motions(const JointTrajectory&) const[m[Kâ€™:
[1.245s] [01m[K/home/hibiki/Robomech_HR/Eglantyne/simulation/src/simple_sim/src/controller/pub_control.cpp:44:35:[m[K [01;31m[Kerror: [m[Kâ€˜[01m[Kmotion_list[m[Kâ€™ was not declared in this scope; did you mean â€˜[01m[Kmosion_list[m[Kâ€™?
[1.245s]    44 |         order.insert(order.end(), [01;31m[Kmotion_list[m[K.begin(), motion_list.end());
[1.245s]       |                                   [01;31m[K^~~~~~~~~~~[m[K
[1.245s]       |                                   [32m[Kmosion_list[m[K
[1.688s] gmake[2]: *** [CMakeFiles/pub_control.dir/build.make:76: CMakeFiles/pub_control.dir/src/controller/pub_control.cpp.o] Error 1
[1.688s] gmake[1]: *** [CMakeFiles/Makefile2:620: CMakeFiles/pub_control.dir/all] Error 2
[1.689s] gmake: *** [Makefile:146: all] Error 2
[1.691s] Invoked command in '/home/hibiki/Robomech_HR/Eglantyne/simulation/build/simple_sim' returned '2': CMAKE_PREFIX_PATH=${CMAKE_PREFIX_PATH}:/home/hibiki/Robomech_HR/Eglantyne/simulation/install/ros2_control_demo_testing:/opt/ros/humble /usr/bin/cmake --build /home/hibiki/Robomech_HR/Eglantyne/simulation/build/simple_sim -- -j16 -l16
